<?xml version="1.0" encoding="UTF-8"?>
<!-- Generated by org.testng.reporters.JUnitXMLReporter -->
<testsuite ignored="0" hostname="LTIN699235" failures="0" tests="2" name="Test8" time="23.075" errors="0" timestamp="2026-07-09T16:17:34 IST">
  <testcase classname="test.TC008_TestCarLoanTenureTxtboxForNumInput" name="testCarLoanTenureTextbox" time="4.304"/>
  <testcase classname="test.TC008_TestCarLoanTenureTxtboxForNumInput" name="testCarLoanTenureTextbox" time="1.649"/>
</testsuite> <!-- Test8 -->
