<?xml version="1.0" encoding="UTF-8"?>
<!-- Generated by org.testng.reporters.JUnitXMLReporter -->
<testsuite ignored="0" hostname="LTIN699235" failures="0" tests="3" name="Test11" time="40.1" errors="0" timestamp="2026-07-09T16:18:15 IST">
  <testcase classname="test.TC011_TestCarLoanAmtSliderToTextbox" name="testCarLoanAmtSliderToTextbox" time="7.802"/>
  <testcase classname="test.TC011_TestCarLoanAmtSliderToTextbox" name="testCarLoanAmtSliderToTextbox" time="6.58"/>
  <testcase classname="test.TC011_TestCarLoanAmtSliderToTextbox" name="testCarLoanAmtSliderToTextbox" time="7.796"/>
</testsuite> <!-- Test11 -->
