<?xml version="1.0" encoding="UTF-8"?>
<!-- Generated by org.testng.reporters.JUnitXMLReporter -->
<testsuite ignored="0" hostname="LTIN699235" failures="0" tests="3" name="Test9" time="24.002" errors="0" timestamp="2026-07-09T16:17:35 IST">
  <testcase classname="test.TC009_TestCarLoanTenureMonthToYear" name="testCarLoanTenureMonthToYear" time="2.114"/>
  <testcase classname="test.TC009_TestCarLoanTenureMonthToYear" name="testCarLoanTenureMonthToYear" time="1.028"/>
  <testcase classname="test.TC009_TestCarLoanTenureMonthToYear" name="testCarLoanTenureMonthToYear" time="0.941"/>
</testsuite> <!-- Test9 -->
