<?xml version="1.0" encoding="UTF-8"?>
<!-- Generated by org.testng.reporters.JUnitXMLReporter -->
<testsuite ignored="0" hostname="LTIN699235" failures="0" tests="2" name="Test7" time="23.859" errors="0" timestamp="2026-07-09T16:17:35 IST">
  <testcase classname="test.TC007_TestCarLoanTenureTxtboxForStrInput" name="testCarLoanTenureTextbox" time="1.616"/>
  <testcase classname="test.TC007_TestCarLoanTenureTxtboxForStrInput" name="testCarLoanTenureTextbox" time="0.898"/>
</testsuite> <!-- Test7 -->
