<?xml version="1.0" encoding="UTF-8"?>
<!-- Generated by org.testng.reporters.JUnitXMLReporter -->
<testsuite ignored="0" hostname="LTIN699235" failures="0" tests="2" name="Test14" time="22.351" errors="0" timestamp="2026-07-09T16:17:57 IST">
  <testcase classname="test.TC014_TestCarLoanInterestTextboxToSlider" name="testCarLoanInterestTextboxToSlider" time="1.12"/>
  <testcase classname="test.TC014_TestCarLoanInterestTextboxToSlider" name="testCarLoanInterestTextboxToSlider" time="1.333"/>
</testsuite> <!-- Test14 -->
