<?xml version="1.0" encoding="UTF-8"?>
<!-- Generated by org.testng.reporters.JUnitXMLReporter -->
<testsuite ignored="0" hostname="LTIN699235" failures="0" tests="3" name="Test10" time="23.48" errors="0" timestamp="2026-07-09T16:17:35 IST">
  <testcase classname="test.TC010_TestCarLoanTenureYearToMonth" name="testCarLoanTenureMonthToYear" time="5.394"/>
  <testcase classname="test.TC010_TestCarLoanTenureYearToMonth" name="testCarLoanTenureMonthToYear" time="1.851"/>
  <testcase classname="test.TC010_TestCarLoanTenureYearToMonth" name="testCarLoanTenureMonthToYear" time="1.088"/>
</testsuite> <!-- Test10 -->
