<?xml version="1.0" encoding="UTF-8"?>
<!-- Generated by org.testng.reporters.JUnitXMLReporter -->
<testsuite ignored="0" hostname="LTIN699235" failures="0" tests="42" name="Test" time="294.261" errors="0" timestamp="2026-07-10T13:58:09 IST">
  <testcase classname="test.TC001_CorrectWebPageValidation" name="webPage" time="0.1"/>
  <testcase classname="test.TC002_CheckCarLoanInNav" name="carLoanPresentOrNot" time="0.115"/>
  <testcase classname="test.TC003_TestCarLoanAmtTxtboxForStrInput" name="testCarLoanAmtText" time="0.51"/>
  <testcase classname="test.TC003_TestCarLoanAmtTxtboxForStrInput" name="testCarLoanAmtText" time="0.424"/>
  <testcase classname="test.TC004_TestCarLoanAmtTxtboxForNumInput" name="testCarLoanAmtText" time="0.432"/>
  <testcase classname="test.TC004_TestCarLoanAmtTxtboxForNumInput" name="testCarLoanAmtText" time="0.453"/>
  <testcase classname="test.TC005_TestCarLoanInterestTxtboxForStrInput" name="testCarLoanInterestText" time="0.493"/>
  <testcase classname="test.TC005_TestCarLoanInterestTxtboxForStrInput" name="testCarLoanInterestText" time="0.458"/>
  <testcase classname="test.TC006_TestCarLoanInterestTxtboxForNumInput" name="testCarLoanInterestTextbox" time="0.507"/>
  <testcase classname="test.TC006_TestCarLoanInterestTxtboxForNumInput" name="testCarLoanInterestTextbox" time="0.469"/>
  <testcase classname="test.TC007_TestCarLoanTenureTxtboxForStrInput" name="testCarLoanTenureTextbox" time="0.472"/>
  <testcase classname="test.TC007_TestCarLoanTenureTxtboxForStrInput" name="testCarLoanTenureTextbox" time="0.401"/>
  <testcase classname="test.TC008_TestCarLoanTenureTxtboxForNumInput" name="testCarLoanTenureTextbox" time="0.427"/>
  <testcase classname="test.TC008_TestCarLoanTenureTxtboxForNumInput" name="testCarLoanTenureTextbox" time="0.406"/>
  <testcase classname="test.TC009_TestCarLoanTenureMonthToYear" name="testCarLoanTenureMonthToYear" time="0.689"/>
  <testcase classname="test.TC009_TestCarLoanTenureMonthToYear" name="testCarLoanTenureMonthToYear" time="0.578"/>
  <testcase classname="test.TC009_TestCarLoanTenureMonthToYear" name="testCarLoanTenureMonthToYear" time="0.564"/>
  <testcase classname="test.TC010_TestCarLoanTenureYearToMonth" name="testCarLoanTenureMonthToYear" time="0.644"/>
  <testcase classname="test.TC010_TestCarLoanTenureYearToMonth" name="testCarLoanTenureMonthToYear" time="0.597"/>
  <testcase classname="test.TC010_TestCarLoanTenureYearToMonth" name="testCarLoanTenureMonthToYear" time="0.597"/>
  <testcase classname="test.TC011_TestCarLoanAmtSliderToTextbox" name="testCarLoanAmtSliderToTextbox" time="6.186"/>
  <testcase classname="test.TC011_TestCarLoanAmtSliderToTextbox" name="testCarLoanAmtSliderToTextbox" time="6.081"/>
  <testcase classname="test.TC011_TestCarLoanAmtSliderToTextbox" name="testCarLoanAmtSliderToTextbox" time="6.065"/>
  <testcase classname="test.TC012_TestCarLoanAmtTextboxToSlider" name="testCarLoanAmtTextboxToSlider" time="0.362"/>
  <testcase classname="test.TC012_TestCarLoanAmtTextboxToSlider" name="testCarLoanAmtTextboxToSlider" time="0.35"/>
  <testcase classname="test.TC012_TestCarLoanAmtTextboxToSlider" name="testCarLoanAmtTextboxToSlider" time="0.357"/>
  <testcase classname="test.TC013_TestCarLoanInterestSliderToTextbox" name="testCarLoanInterestSliderToTextbox" time="0.892"/>
  <testcase classname="test.TC013_TestCarLoanInterestSliderToTextbox" name="testCarLoanInterestSliderToTextbox" time="0.84"/>
  <testcase classname="test.TC014_TestCarLoanInterestTextboxToSlider" name="testCarLoanInterestTextboxToSlider" time="0.394"/>
  <testcase classname="test.TC014_TestCarLoanInterestTextboxToSlider" name="testCarLoanInterestTextboxToSlider" time="0.332"/>
  <testcase classname="test.TC015_TestCarLoanTenureSliderToTextbox" name="testCarLoanTenuretSliderToTextbox" time="0.75"/>
  <testcase classname="test.TC015_TestCarLoanTenureSliderToTextbox" name="testCarLoanTenuretSliderToTextbox" time="0.725"/>
  <testcase classname="test.TC016_TestCarLoanTenureTextboxToSlider" name="testCarLoanTenureTextboxToSlider" time="0.383"/>
  <testcase classname="test.TC016_TestCarLoanTenureTextboxToSlider" name="testCarLoanTenureTextboxToSlider" time="0.338"/>
  <testcase classname="test.TC017_Check_HomeLoanOptionPresentIn_Navbar" name="check_HomeLoanOptionPresentIn_Navbar" time="0.254"/>
  <testcase classname="test.TC018_Check_InputFieldsPresentedOrNot_For_HomeLoan" name="validate_HomeValue_InputFieldsPresentedOrNot_For_HomeLoan" time="4.737"/>
  <testcase classname="test.TC019_HomeLoanValidation" name="validate_HomeLoan" time="11.369"/>
  <testcase classname="test.TC019_HomeLoanValidation" name="validate_HomeLoan" time="13.527"/>
  <testcase classname="test.TC020_Check_GraphAndTablePresentedOrNot_For_HomeLoan" name="check_GraphAndTablePresentedOrNot_For_HomeLoan" time="4.36"/>
  <testcase classname="test.TC021_CarLoan_Validation" name="CarLoan_Validation" time="0.917"/>
  <testcase classname="test.TC021_CarLoan_Validation" name="CarLoan_Validation" time="0.669"/>
  <testcase classname="test.TC021_CarLoan_Validation" name="CarLoan_Validation" time="0.713"/>
</testsuite> <!-- Test -->
