<?xml version="1.0" encoding="UTF-8"?>
<!-- Generated by org.testng.reporters.JUnitXMLReporter -->
<testsuite ignored="0" hostname="LTIN699235" failures="0" tests="2" name="Test16" time="18.898" errors="0" timestamp="2026-07-09T16:18:15 IST">
  <testcase classname="test.TC016_TestCarLoanTenureTextboxToSlider" name="testCarLoanTenureTextboxToSlider" time="3.486"/>
  <testcase classname="test.TC016_TestCarLoanTenureTextboxToSlider" name="testCarLoanTenureTextboxToSlider" time="0.82"/>
</testsuite> <!-- Test16 -->
