<?xml version="1.0" encoding="UTF-8"?>
<!-- Generated by org.testng.reporters.JUnitXMLReporter -->
<testsuite ignored="0" hostname="LTIN699235" failures="0" tests="3" name="Test12" time="22.862" errors="0" timestamp="2026-07-09T16:17:57 IST">
  <testcase classname="test.TC012_TestCarLoanAmtTextboxToSlider" name="testCarLoanAmtTextboxToSlider" time="2.345"/>
  <testcase classname="test.TC012_TestCarLoanAmtTextboxToSlider" name="testCarLoanAmtTextboxToSlider" time="1.04"/>
  <testcase classname="test.TC012_TestCarLoanAmtTextboxToSlider" name="testCarLoanAmtTextboxToSlider" time="0.906"/>
</testsuite> <!-- Test12 -->
