<?xml version="1.0" encoding="UTF-8"?>
<!-- Generated by org.testng.reporters.JUnitXMLReporter -->
<testsuite ignored="0" hostname="LTIN699235" failures="0" tests="3" name="Test21" time="22.325" errors="0" timestamp="2026-07-09T16:18:37 IST">
  <testcase classname="test.TC021_CarLoan_Validation" name="CarLoan_Validation" time="1.856"/>
  <testcase classname="test.TC021_CarLoan_Validation" name="CarLoan_Validation" time="1.677"/>
  <testcase classname="test.TC021_CarLoan_Validation" name="CarLoan_Validation" time="1.724"/>
</testsuite> <!-- Test21 -->
