<?xml version="1.0" encoding="UTF-8"?>
<!-- Generated by org.testng.reporters.JUnitXMLReporter -->
<testsuite ignored="0" hostname="LTIN699235" failures="0" tests="2" name="Test15" time="22.77" errors="0" timestamp="2026-07-09T16:17:58 IST">
  <testcase classname="test.TC015_TestCarLoanTenureSliderToTextbox" name="testCarLoanTenuretSliderToTextbox" time="1.199"/>
  <testcase classname="test.TC015_TestCarLoanTenureSliderToTextbox" name="testCarLoanTenuretSliderToTextbox" time="1.03"/>
</testsuite> <!-- Test15 -->
