<?xml version="1.0" encoding="UTF-8"?>
<!-- Generated by org.testng.reporters.JUnitXMLReporter -->
<testsuite ignored="0" hostname="LTIN699235" failures="0" tests="3" name="Test12" time="26.594" errors="0" timestamp="2026-07-10T20:45:40 IST">
  <testcase classname="test.TC012_TestCarLoanAmtTextboxToSlider" name="testCarLoanAmtTextboxToSlider" time="5.659"/>
  <testcase classname="test.TC012_TestCarLoanAmtTextboxToSlider" name="testCarLoanAmtTextboxToSlider" time="0.889"/>
  <testcase classname="test.TC012_TestCarLoanAmtTextboxToSlider" name="testCarLoanAmtTextboxToSlider" time="0.84"/>
</testsuite> <!-- Test12 -->
