<?xml version="1.0" encoding="UTF-8"?>
<!-- Generated by org.testng.reporters.JUnitXMLReporter -->
<testsuite ignored="0" hostname="LTIN699235" failures="0" tests="3" name="Test21" time="22.932" errors="0" timestamp="2026-07-10T20:46:32 IST">
  <testcase classname="test.TC021_CarLoan_Validation" name="CarLoan_Validation" time="2.78"/>
  <testcase classname="test.TC021_CarLoan_Validation" name="CarLoan_Validation" time="1.168"/>
  <testcase classname="test.TC021_CarLoan_Validation" name="CarLoan_Validation" time="1.239"/>
</testsuite> <!-- Test21 -->
