<?xml version="1.0" encoding="UTF-8"?>
<!-- Generated by org.testng.reporters.JUnitXMLReporter -->
<testsuite ignored="0" hostname="LTIN699235" failures="0" tests="2" name="Test5" time="24.415" errors="0" timestamp="2026-07-10T20:44:40 IST">
  <testcase classname="test.TC005_TestCarLoanInterestTxtboxForStrInput" name="testCarLoanInterestText" time="6.74"/>
  <testcase classname="test.TC005_TestCarLoanInterestTxtboxForStrInput" name="testCarLoanInterestText" time="0.443"/>
</testsuite> <!-- Test5 -->
