<?xml version="1.0" encoding="UTF-8"?>
<!-- Generated by org.testng.reporters.JUnitXMLReporter -->
<testsuite ignored="0" hostname="LTIN699235" failures="0" tests="2" name="Test16" time="38.515" errors="0" timestamp="2026-07-10T20:46:18 IST">
  <testcase classname="test.TC016_TestCarLoanTenureTextboxToSlider" name="testCarLoanTenureTextboxToSlider" time="5.328"/>
  <testcase classname="test.TC016_TestCarLoanTenureTextboxToSlider" name="testCarLoanTenureTextboxToSlider" time="1.209"/>
</testsuite> <!-- Test16 -->
