<?xml version="1.0" encoding="UTF-8"?>
<!-- Generated by org.testng.reporters.JUnitXMLReporter -->
<testsuite ignored="0" hostname="LTIN699235" failures="0" tests="3" name="Test10" time="33.363" errors="0" timestamp="2026-07-10T20:45:14 IST">
  <testcase classname="test.TC010_TestCarLoanTenureYearToMonth" name="testCarLoanTenureMonthToYear" time="5.599"/>
  <testcase classname="test.TC010_TestCarLoanTenureYearToMonth" name="testCarLoanTenureMonthToYear" time="3.474"/>
  <testcase classname="test.TC010_TestCarLoanTenureYearToMonth" name="testCarLoanTenureMonthToYear" time="1.341"/>
</testsuite> <!-- Test10 -->
