<?xml version="1.0" encoding="UTF-8"?>
<!-- Generated by org.testng.reporters.JUnitXMLReporter -->
<testsuite ignored="0" hostname="LTIN699235" failures="1" tests="3" name="Test9" time="32.818" errors="0" timestamp="2026-07-10T20:45:13 IST">
  <testcase classname="test.TC009_TestCarLoanTenureMonthToYear" name="testCarLoanTenureMonthToYear" time="6.228"/>
  <testcase classname="test.TC009_TestCarLoanTenureMonthToYear" name="testCarLoanTenureMonthToYear" time="2.58">
    <failure type="java.lang.AssertionError" message="Month to year conversion is not working">
      <![CDATA[java.lang.AssertionError: Month to year conversion is not working
at test.TC009_TestCarLoanTenureMonthToYear.testCarLoanTenureMonthToYear(TC009_TestCarLoanTenureMonthToYear.java:23)
at java.base/java.util.ArrayList.forEach(ArrayList.java:1596)
at java.base/java.util.concurrent.FutureTask.run(FutureTask.java:317)
at java.base/java.util.concurrent.ThreadPoolExecutor.runWorker(ThreadPoolExecutor.java:1144)
at java.base/java.util.concurrent.ThreadPoolExecutor$Worker.run(ThreadPoolExecutor.java:642)
at java.base/java.lang.Thread.run(Thread.java:1583)
... Removed 16 stack frames]]>
    </failure>
  </testcase> <!-- testCarLoanTenureMonthToYear -->
  <testcase classname="test.TC009_TestCarLoanTenureMonthToYear" name="testCarLoanTenureMonthToYear" time="2.055"/>
</testsuite> <!-- Test9 -->
