<?xml version="1.0" encoding="UTF-8"?>
<!-- Generated by org.testng.reporters.JUnitXMLReporter -->
<testsuite ignored="0" hostname="LTIN699235" failures="0" tests="2" name="Test7" time="33.051" errors="0" timestamp="2026-07-10T20:45:13 IST">
  <testcase classname="test.TC007_TestCarLoanTenureTxtboxForStrInput" name="testCarLoanTenureTextbox" time="5.207"/>
  <testcase classname="test.TC007_TestCarLoanTenureTxtboxForStrInput" name="testCarLoanTenureTextbox" time="2.41"/>
</testsuite> <!-- Test7 -->
