<?xml version="1.0" encoding="UTF-8"?>
<!-- Generated by org.testng.reporters.JUnitXMLReporter -->
<testsuite ignored="0" hostname="LTIN699235" failures="0" tests="2" name="Test14" time="25.535" errors="0" timestamp="2026-07-10T20:45:39 IST">
  <testcase classname="test.TC014_TestCarLoanInterestTextboxToSlider" name="testCarLoanInterestTextboxToSlider" time="3.063"/>
  <testcase classname="test.TC014_TestCarLoanInterestTextboxToSlider" name="testCarLoanInterestTextboxToSlider" time="0.789"/>
</testsuite> <!-- Test14 -->
