<?xml version="1.0" encoding="UTF-8"?>
<!-- Generated by org.testng.reporters.JUnitXMLReporter -->
<testsuite ignored="0" hostname="LTIN699235" failures="0" tests="3" name="Test11" time="50.226" errors="0" timestamp="2026-07-10T20:46:03 IST">
  <testcase classname="test.TC011_TestCarLoanAmtSliderToTextbox" name="testCarLoanAmtSliderToTextbox" time="12.079"/>
  <testcase classname="test.TC011_TestCarLoanAmtSliderToTextbox" name="testCarLoanAmtSliderToTextbox" time="6.748"/>
  <testcase classname="test.TC011_TestCarLoanAmtSliderToTextbox" name="testCarLoanAmtSliderToTextbox" time="7.789"/>
</testsuite> <!-- Test11 -->
