<?xml version="1.0" encoding="UTF-8"?>
<!-- Generated by org.testng.reporters.JUnitXMLReporter -->
<testsuite ignored="0" hostname="LTIN699235" failures="0" tests="2" name="Test6" time="32.626" errors="0" timestamp="2026-07-10T20:45:13 IST">
  <testcase classname="test.TC006_TestCarLoanInterestTxtboxForNumInput" name="testCarLoanInterestTextbox" time="4.053"/>
  <testcase classname="test.TC006_TestCarLoanInterestTxtboxForNumInput" name="testCarLoanInterestTextbox" time="1.828"/>
</testsuite> <!-- Test6 -->
