<?xml version="1.0" encoding="UTF-8"?>
<testng-results ignored="0" total="42" passed="42" failed="0" skipped="0">
  <reporter-output>
  </reporter-output>
  <suite started-at="2026-07-11T22:18:00 IST" name="Suite" finished-at="2026-07-11T22:23:27 IST" duration-ms="327089">
    <groups>
      <group name="ui-sync">
        <method signature="TC009_TestCarLoanTenureMonthToYear.testCarLoanTenureMonthToYear(java.lang.String,java.lang.String)[pri:0, instance:test.TC009_TestCarLoanTenureMonthToYear@3a4621bd]" name="testCarLoanTenureMonthToYear" class="test.TC009_TestCarLoanTenureMonthToYear"/>
        <method signature="TC010_TestCarLoanTenureYearToMonth.testCarLoanTenureMonthToYear(java.lang.String,java.lang.String)[pri:0, instance:test.TC010_TestCarLoanTenureYearToMonth@31dadd46]" name="testCarLoanTenureMonthToYear" class="test.TC010_TestCarLoanTenureYearToMonth"/>
        <method signature="TC011_TestCarLoanAmtSliderToTextbox.testCarLoanAmtSliderToTextbox(java.lang.Double)[pri:0, instance:test.TC011_TestCarLoanAmtSliderToTextbox@4ed5eb72]" name="testCarLoanAmtSliderToTextbox" class="test.TC011_TestCarLoanAmtSliderToTextbox"/>
        <method signature="TC012_TestCarLoanAmtTextboxToSlider.testCarLoanAmtTextboxToSlider(int)[pri:0, instance:test.TC012_TestCarLoanAmtTextboxToSlider@12f9af83]" name="testCarLoanAmtTextboxToSlider" class="test.TC012_TestCarLoanAmtTextboxToSlider"/>
        <method signature="TC013_TestCarLoanInterestSliderToTextbox.testCarLoanInterestSliderToTextbox(java.lang.String)[pri:0, instance:test.TC013_TestCarLoanInterestSliderToTextbox@19b93fa8]" name="testCarLoanInterestSliderToTextbox" class="test.TC013_TestCarLoanInterestSliderToTextbox"/>
        <method signature="TC014_TestCarLoanInterestTextboxToSlider.testCarLoanInterestTextboxToSlider(java.lang.String)[pri:0, instance:test.TC014_TestCarLoanInterestTextboxToSlider@7e6ef134]" name="testCarLoanInterestTextboxToSlider" class="test.TC014_TestCarLoanInterestTextboxToSlider"/>
        <method signature="TC015_TestCarLoanTenureSliderToTextbox.testCarLoanTenuretSliderToTextbox(java.lang.String)[pri:0, instance:test.TC015_TestCarLoanTenureSliderToTextbox@1f010bf0]" name="testCarLoanTenuretSliderToTextbox" class="test.TC015_TestCarLoanTenureSliderToTextbox"/>
        <method signature="TC016_TestCarLoanTenureTextboxToSlider.testCarLoanTenureTextboxToSlider(java.lang.String)[pri:0, instance:test.TC016_TestCarLoanTenureTextboxToSlider@40db2a24]" name="testCarLoanTenureTextboxToSlider" class="test.TC016_TestCarLoanTenureTextboxToSlider"/>
      </group> <!-- ui-sync -->
      <group name="smoke">
        <method signature="TC001_CorrectWebPageValidation.webPage()[pri:0, instance:test.TC001_CorrectWebPageValidation@b7c4869]" name="webPage" class="test.TC001_CorrectWebPageValidation"/>
        <method signature="TC002_CheckCarLoanInNav.carLoanPresentOrNot()[pri:0, instance:test.TC002_CheckCarLoanInNav@5a1de7fb]" name="carLoanPresentOrNot" class="test.TC002_CheckCarLoanInNav"/>
        <method signature="TC017_Check_HomeLoanOptionPresentIn_Navbar.check_HomeLoanOptionPresentIn_Navbar()[pri:0, instance:test.TC017_Check_HomeLoanOptionPresentIn_Navbar@10cf09e8]" name="check_HomeLoanOptionPresentIn_Navbar" class="test.TC017_Check_HomeLoanOptionPresentIn_Navbar"/>
        <method signature="TC018_Check_InputFieldsPresentedOrNot_For_HomeLoan.validate_HomeValue_InputFieldsPresentedOrNot_For_HomeLoan()[pri:0, instance:test.TC018_Check_InputFieldsPresentedOrNot_For_HomeLoan@1921ad94]" name="validate_HomeValue_InputFieldsPresentedOrNot_For_HomeLoan" class="test.TC018_Check_InputFieldsPresentedOrNot_For_HomeLoan"/>
      </group> <!-- smoke -->
      <group name="e2e">
        <method signature="TC019_HomeLoanValidation.validate_HomeLoan(java.lang.String,java.lang.String,java.lang.String,java.lang.String,java.lang.String,java.lang.String,java.lang.String,java.lang.String,java.lang.String,java.lang.String,java.lang.String,java.lang.String,java.lang.String,java.lang.String,java.lang.String)[pri:0, instance:test.TC019_HomeLoanValidation@ee86bcb]" name="validate_HomeLoan" class="test.TC019_HomeLoanValidation"/>
        <method signature="TC021_CarLoan_Validation.CarLoan_Validation(java.lang.String,java.lang.String,java.lang.String,java.lang.String,java.lang.String,java.lang.String)[pri:0, instance:test.TC021_CarLoan_Validation@7f132176]" name="CarLoan_Validation" class="test.TC021_CarLoan_Validation"/>
      </group> <!-- e2e -->
    </groups>
    <test started-at="2026-07-11T22:18:00 IST" name="Test" finished-at="2026-07-11T22:23:27 IST" duration-ms="327089">
      <class name="test.TC014_TestCarLoanInterestTextboxToSlider">
        <test-method is-config="true" signature="driverSetUp(org.testng.ITestContext,java.lang.String,java.lang.String)[pri:0, instance:test.TC014_TestCarLoanInterestTextboxToSlider@7e6ef134]" started-at="2026-07-11T22:21:18 IST" name="driverSetUp" finished-at="2026-07-11T22:21:24 IST" duration-ms="6472" status="PASS">
          <params>
            <param index="0">
              <value>
                <![CDATA[org.testng.TestRunner@39c93af6]]>
              </value>
            </param>
            <param index="1">
              <value>
                <![CDATA[chrome]]>
              </value>
            </param>
            <param index="2">
              <value>
                <![CDATA[remote]]>
              </value>
            </param>
          </params>
          <reporter-output>
          </reporter-output>
        </test-method> <!-- driverSetUp -->
        <test-method signature="testCarLoanInterestTextboxToSlider(java.lang.String)[pri:0, instance:test.TC014_TestCarLoanInterestTextboxToSlider@7e6ef134]" started-at="2026-07-11T22:21:24 IST" name="testCarLoanInterestTextboxToSlider" data-provider="CarInterestAmountnum" finished-at="2026-07-11T22:21:26 IST" duration-ms="1312" status="PASS">
          <params>
            <param index="0">
              <value>
                <![CDATA[9]]>
              </value>
            </param>
          </params>
          <reporter-output>
          </reporter-output>
        </test-method> <!-- testCarLoanInterestTextboxToSlider -->
        <test-method signature="testCarLoanInterestTextboxToSlider(java.lang.String)[pri:0, instance:test.TC014_TestCarLoanInterestTextboxToSlider@7e6ef134]" started-at="2026-07-11T22:21:26 IST" name="testCarLoanInterestTextboxToSlider" data-provider="CarInterestAmountnum" finished-at="2026-07-11T22:21:27 IST" duration-ms="819" status="PASS">
          <params>
            <param index="0">
              <value>
                <![CDATA[8]]>
              </value>
            </param>
          </params>
          <reporter-output>
          </reporter-output>
        </test-method> <!-- testCarLoanInterestTextboxToSlider -->
        <test-method is-config="true" signature="tearDown()[pri:0, instance:test.TC014_TestCarLoanInterestTextboxToSlider@7e6ef134]" started-at="2026-07-11T22:21:27 IST" name="tearDown" finished-at="2026-07-11T22:21:28 IST" duration-ms="1405" status="PASS">
          <reporter-output>
          </reporter-output>
        </test-method> <!-- tearDown -->
      </class> <!-- test.TC014_TestCarLoanInterestTextboxToSlider -->
      <class name="test.TC011_TestCarLoanAmtSliderToTextbox">
        <test-method is-config="true" signature="driverSetUp(org.testng.ITestContext,java.lang.String,java.lang.String)[pri:0, instance:test.TC011_TestCarLoanAmtSliderToTextbox@4ed5eb72]" started-at="2026-07-11T22:19:50 IST" name="driverSetUp" finished-at="2026-07-11T22:19:55 IST" duration-ms="5811" status="PASS">
          <params>
            <param index="0">
              <value>
                <![CDATA[org.testng.TestRunner@39c93af6]]>
              </value>
            </param>
            <param index="1">
              <value>
                <![CDATA[chrome]]>
              </value>
            </param>
            <param index="2">
              <value>
                <![CDATA[remote]]>
              </value>
            </param>
          </params>
          <reporter-output>
          </reporter-output>
        </test-method> <!-- driverSetUp -->
        <test-method signature="testCarLoanAmtSliderToTextbox(java.lang.Double)[pri:0, instance:test.TC011_TestCarLoanAmtSliderToTextbox@4ed5eb72]" started-at="2026-07-11T22:19:55 IST" name="testCarLoanAmtSliderToTextbox" data-provider="CarLoansliderValue" finished-at="2026-07-11T22:20:02 IST" duration-ms="6670" status="PASS">
          <params>
            <param index="0">
              <value>
                <![CDATA[1000000.0]]>
              </value>
            </param>
          </params>
          <reporter-output>
          </reporter-output>
        </test-method> <!-- testCarLoanAmtSliderToTextbox -->
        <test-method signature="testCarLoanAmtSliderToTextbox(java.lang.Double)[pri:0, instance:test.TC011_TestCarLoanAmtSliderToTextbox@4ed5eb72]" started-at="2026-07-11T22:20:02 IST" name="testCarLoanAmtSliderToTextbox" data-provider="CarLoansliderValue" finished-at="2026-07-11T22:20:09 IST" duration-ms="6441" status="PASS">
          <params>
            <param index="0">
              <value>
                <![CDATA[500000.0]]>
              </value>
            </param>
          </params>
          <reporter-output>
          </reporter-output>
        </test-method> <!-- testCarLoanAmtSliderToTextbox -->
        <test-method signature="testCarLoanAmtSliderToTextbox(java.lang.Double)[pri:0, instance:test.TC011_TestCarLoanAmtSliderToTextbox@4ed5eb72]" started-at="2026-07-11T22:20:09 IST" name="testCarLoanAmtSliderToTextbox" data-provider="CarLoansliderValue" finished-at="2026-07-11T22:20:15 IST" duration-ms="6381" status="PASS">
          <params>
            <param index="0">
              <value>
                <![CDATA[700000.0]]>
              </value>
            </param>
          </params>
          <reporter-output>
          </reporter-output>
        </test-method> <!-- testCarLoanAmtSliderToTextbox -->
        <test-method is-config="true" signature="tearDown()[pri:0, instance:test.TC011_TestCarLoanAmtSliderToTextbox@4ed5eb72]" started-at="2026-07-11T22:20:16 IST" name="tearDown" finished-at="2026-07-11T22:20:17 IST" duration-ms="1487" status="PASS">
          <reporter-output>
          </reporter-output>
        </test-method> <!-- tearDown -->
      </class> <!-- test.TC011_TestCarLoanAmtSliderToTextbox -->
      <class name="test.TC009_TestCarLoanTenureMonthToYear">
        <test-method is-config="true" signature="driverSetUp(org.testng.ITestContext,java.lang.String,java.lang.String)[pri:0, instance:test.TC009_TestCarLoanTenureMonthToYear@3a4621bd]" started-at="2026-07-11T22:19:25 IST" name="driverSetUp" finished-at="2026-07-11T22:19:31 IST" duration-ms="5426" status="PASS">
          <params>
            <param index="0">
              <value>
                <![CDATA[org.testng.TestRunner@39c93af6]]>
              </value>
            </param>
            <param index="1">
              <value>
                <![CDATA[chrome]]>
              </value>
            </param>
            <param index="2">
              <value>
                <![CDATA[remote]]>
              </value>
            </param>
          </params>
          <reporter-output>
          </reporter-output>
        </test-method> <!-- driverSetUp -->
        <test-method signature="testCarLoanTenureMonthToYear(java.lang.String,java.lang.String)[pri:0, instance:test.TC009_TestCarLoanTenureMonthToYear@3a4621bd]" started-at="2026-07-11T22:19:31 IST" name="testCarLoanTenureMonthToYear" data-provider="CarLoanTenureMonthYear" finished-at="2026-07-11T22:19:32 IST" duration-ms="1633" status="PASS">
          <params>
            <param index="0">
              <value>
                <![CDATA[1]]>
              </value>
            </param>
            <param index="1">
              <value>
                <![CDATA[12]]>
              </value>
            </param>
          </params>
          <reporter-output>
          </reporter-output>
        </test-method> <!-- testCarLoanTenureMonthToYear -->
        <test-method signature="testCarLoanTenureMonthToYear(java.lang.String,java.lang.String)[pri:0, instance:test.TC009_TestCarLoanTenureMonthToYear@3a4621bd]" started-at="2026-07-11T22:19:33 IST" name="testCarLoanTenureMonthToYear" data-provider="CarLoanTenureMonthYear" finished-at="2026-07-11T22:19:34 IST" duration-ms="1235" status="PASS">
          <params>
            <param index="0">
              <value>
                <![CDATA[2]]>
              </value>
            </param>
            <param index="1">
              <value>
                <![CDATA[24]]>
              </value>
            </param>
          </params>
          <reporter-output>
          </reporter-output>
        </test-method> <!-- testCarLoanTenureMonthToYear -->
        <test-method signature="testCarLoanTenureMonthToYear(java.lang.String,java.lang.String)[pri:0, instance:test.TC009_TestCarLoanTenureMonthToYear@3a4621bd]" started-at="2026-07-11T22:19:34 IST" name="testCarLoanTenureMonthToYear" data-provider="CarLoanTenureMonthYear" finished-at="2026-07-11T22:19:35 IST" duration-ms="1158" status="PASS">
          <params>
            <param index="0">
              <value>
                <![CDATA[5]]>
              </value>
            </param>
            <param index="1">
              <value>
                <![CDATA[60]]>
              </value>
            </param>
          </params>
          <reporter-output>
          </reporter-output>
        </test-method> <!-- testCarLoanTenureMonthToYear -->
        <test-method is-config="true" signature="tearDown()[pri:0, instance:test.TC009_TestCarLoanTenureMonthToYear@3a4621bd]" started-at="2026-07-11T22:19:36 IST" name="tearDown" finished-at="2026-07-11T22:19:37 IST" duration-ms="1520" status="PASS">
          <reporter-output>
          </reporter-output>
        </test-method> <!-- tearDown -->
      </class> <!-- test.TC009_TestCarLoanTenureMonthToYear -->
      <class name="test.TC006_TestCarLoanInterestTxtboxForNumInput">
        <test-method is-config="true" signature="driverSetUp(org.testng.ITestContext,java.lang.String,java.lang.String)[pri:0, instance:test.TC006_TestCarLoanInterestTxtboxForNumInput@73194df]" started-at="2026-07-11T22:18:53 IST" name="driverSetUp" finished-at="2026-07-11T22:19:01 IST" duration-ms="7552" status="PASS">
          <params>
            <param index="0">
              <value>
                <![CDATA[org.testng.TestRunner@39c93af6]]>
              </value>
            </param>
            <param index="1">
              <value>
                <![CDATA[chrome]]>
              </value>
            </param>
            <param index="2">
              <value>
                <![CDATA[remote]]>
              </value>
            </param>
          </params>
          <reporter-output>
          </reporter-output>
        </test-method> <!-- driverSetUp -->
        <test-method signature="testCarLoanInterestTextbox(java.lang.String)[pri:0, instance:test.TC006_TestCarLoanInterestTxtboxForNumInput@73194df]" started-at="2026-07-11T22:19:01 IST" name="testCarLoanInterestTextbox" data-provider="CarInterestAmountnum" finished-at="2026-07-11T22:19:02 IST" duration-ms="1407" status="PASS">
          <params>
            <param index="0">
              <value>
                <![CDATA[9]]>
              </value>
            </param>
          </params>
          <reporter-output>
          </reporter-output>
        </test-method> <!-- testCarLoanInterestTextbox -->
        <test-method signature="testCarLoanInterestTextbox(java.lang.String)[pri:0, instance:test.TC006_TestCarLoanInterestTxtboxForNumInput@73194df]" started-at="2026-07-11T22:19:03 IST" name="testCarLoanInterestTextbox" data-provider="CarInterestAmountnum" finished-at="2026-07-11T22:19:04 IST" duration-ms="824" status="PASS">
          <params>
            <param index="0">
              <value>
                <![CDATA[8]]>
              </value>
            </param>
          </params>
          <reporter-output>
          </reporter-output>
        </test-method> <!-- testCarLoanInterestTextbox -->
        <test-method is-config="true" signature="tearDown()[pri:0, instance:test.TC006_TestCarLoanInterestTxtboxForNumInput@73194df]" started-at="2026-07-11T22:19:04 IST" name="tearDown" finished-at="2026-07-11T22:19:05 IST" duration-ms="1410" status="PASS">
          <reporter-output>
          </reporter-output>
        </test-method> <!-- tearDown -->
      </class> <!-- test.TC006_TestCarLoanInterestTxtboxForNumInput -->
      <class name="test.TC001_CorrectWebPageValidation">
        <test-method is-config="true" signature="driverSetUp(org.testng.ITestContext,java.lang.String,java.lang.String)[pri:0, instance:test.TC001_CorrectWebPageValidation@b7c4869]" started-at="2026-07-11T22:18:00 IST" name="driverSetUp" finished-at="2026-07-11T22:18:09 IST" duration-ms="9200" status="PASS">
          <params>
            <param index="0">
              <value>
                <![CDATA[org.testng.TestRunner@39c93af6]]>
              </value>
            </param>
            <param index="1">
              <value>
                <![CDATA[chrome]]>
              </value>
            </param>
            <param index="2">
              <value>
                <![CDATA[remote]]>
              </value>
            </param>
          </params>
          <reporter-output>
          </reporter-output>
        </test-method> <!-- driverSetUp -->
        <test-method signature="webPage()[pri:0, instance:test.TC001_CorrectWebPageValidation@b7c4869]" started-at="2026-07-11T22:18:09 IST" name="webPage" finished-at="2026-07-11T22:18:10 IST" duration-ms="131" status="PASS">
          <reporter-output>
          </reporter-output>
        </test-method> <!-- webPage -->
        <test-method is-config="true" signature="tearDown()[pri:0, instance:test.TC001_CorrectWebPageValidation@b7c4869]" started-at="2026-07-11T22:18:10 IST" name="tearDown" finished-at="2026-07-11T22:18:11 IST" duration-ms="1429" status="PASS">
          <reporter-output>
          </reporter-output>
        </test-method> <!-- tearDown -->
      </class> <!-- test.TC001_CorrectWebPageValidation -->
      <class name="test.TC015_TestCarLoanTenureSliderToTextbox">
        <test-method is-config="true" signature="driverSetUp(org.testng.ITestContext,java.lang.String,java.lang.String)[pri:0, instance:test.TC015_TestCarLoanTenureSliderToTextbox@1f010bf0]" started-at="2026-07-11T22:21:28 IST" name="driverSetUp" finished-at="2026-07-11T22:21:35 IST" duration-ms="6869" status="PASS">
          <params>
            <param index="0">
              <value>
                <![CDATA[org.testng.TestRunner@39c93af6]]>
              </value>
            </param>
            <param index="1">
              <value>
                <![CDATA[chrome]]>
              </value>
            </param>
            <param index="2">
              <value>
                <![CDATA[remote]]>
              </value>
            </param>
          </params>
          <reporter-output>
          </reporter-output>
        </test-method> <!-- driverSetUp -->
        <test-method signature="testCarLoanTenuretSliderToTextbox(java.lang.String)[pri:0, instance:test.TC015_TestCarLoanTenureSliderToTextbox@1f010bf0]" started-at="2026-07-11T22:21:35 IST" name="testCarLoanTenuretSliderToTextbox" data-provider="CarTenureAmountnum" finished-at="2026-07-11T22:21:37 IST" duration-ms="1230" status="PASS">
          <params>
            <param index="0">
              <value>
                <![CDATA[5]]>
              </value>
            </param>
          </params>
          <reporter-output>
          </reporter-output>
        </test-method> <!-- testCarLoanTenuretSliderToTextbox -->
        <test-method signature="testCarLoanTenuretSliderToTextbox(java.lang.String)[pri:0, instance:test.TC015_TestCarLoanTenureSliderToTextbox@1f010bf0]" started-at="2026-07-11T22:21:37 IST" name="testCarLoanTenuretSliderToTextbox" data-provider="CarTenureAmountnum" finished-at="2026-07-11T22:21:38 IST" duration-ms="1087" status="PASS">
          <params>
            <param index="0">
              <value>
                <![CDATA[7]]>
              </value>
            </param>
          </params>
          <reporter-output>
          </reporter-output>
        </test-method> <!-- testCarLoanTenuretSliderToTextbox -->
        <test-method is-config="true" signature="tearDown()[pri:0, instance:test.TC015_TestCarLoanTenureSliderToTextbox@1f010bf0]" started-at="2026-07-11T22:21:38 IST" name="tearDown" finished-at="2026-07-11T22:21:39 IST" duration-ms="1254" status="PASS">
          <reporter-output>
          </reporter-output>
        </test-method> <!-- tearDown -->
      </class> <!-- test.TC015_TestCarLoanTenureSliderToTextbox -->
      <class name="test.TC003_TestCarLoanAmtTxtboxForStrInput">
        <test-method is-config="true" signature="driverSetUp(org.testng.ITestContext,java.lang.String,java.lang.String)[pri:0, instance:test.TC003_TestCarLoanAmtTxtboxForStrInput@335b5620]" started-at="2026-07-11T22:18:19 IST" name="driverSetUp" finished-at="2026-07-11T22:18:26 IST" duration-ms="6861" status="PASS">
          <params>
            <param index="0">
              <value>
                <![CDATA[org.testng.TestRunner@39c93af6]]>
              </value>
            </param>
            <param index="1">
              <value>
                <![CDATA[chrome]]>
              </value>
            </param>
            <param index="2">
              <value>
                <![CDATA[remote]]>
              </value>
            </param>
          </params>
          <reporter-output>
          </reporter-output>
        </test-method> <!-- driverSetUp -->
        <test-method signature="testCarLoanAmtText(java.lang.String)[pri:0, instance:test.TC003_TestCarLoanAmtTxtboxForStrInput@335b5620]" started-at="2026-07-11T22:18:26 IST" name="testCarLoanAmtText" data-provider="CarLoanAmountstr" finished-at="2026-07-11T22:18:27 IST" duration-ms="1595" status="PASS">
          <params>
            <param index="0">
              <value>
                <![CDATA[dhuru]]>
              </value>
            </param>
          </params>
          <reporter-output>
          </reporter-output>
        </test-method> <!-- testCarLoanAmtText -->
        <test-method signature="testCarLoanAmtText(java.lang.String)[pri:0, instance:test.TC003_TestCarLoanAmtTxtboxForStrInput@335b5620]" started-at="2026-07-11T22:18:28 IST" name="testCarLoanAmtText" data-provider="CarLoanAmountstr" finished-at="2026-07-11T22:18:29 IST" duration-ms="828" status="PASS">
          <params>
            <param index="0">
              <value>
                <![CDATA[Vikram]]>
              </value>
            </param>
          </params>
          <reporter-output>
          </reporter-output>
        </test-method> <!-- testCarLoanAmtText -->
        <test-method is-config="true" signature="tearDown()[pri:0, instance:test.TC003_TestCarLoanAmtTxtboxForStrInput@335b5620]" started-at="2026-07-11T22:18:29 IST" name="tearDown" finished-at="2026-07-11T22:18:30 IST" duration-ms="1626" status="PASS">
          <reporter-output>
          </reporter-output>
        </test-method> <!-- tearDown -->
      </class> <!-- test.TC003_TestCarLoanAmtTxtboxForStrInput -->
      <class name="test.TC010_TestCarLoanTenureYearToMonth">
        <test-method is-config="true" signature="driverSetUp(org.testng.ITestContext,java.lang.String,java.lang.String)[pri:0, instance:test.TC010_TestCarLoanTenureYearToMonth@31dadd46]" started-at="2026-07-11T22:19:37 IST" name="driverSetUp" finished-at="2026-07-11T22:19:43 IST" duration-ms="6133" status="PASS">
          <params>
            <param index="0">
              <value>
                <![CDATA[org.testng.TestRunner@39c93af6]]>
              </value>
            </param>
            <param index="1">
              <value>
                <![CDATA[chrome]]>
              </value>
            </param>
            <param index="2">
              <value>
                <![CDATA[remote]]>
              </value>
            </param>
          </params>
          <reporter-output>
          </reporter-output>
        </test-method> <!-- driverSetUp -->
        <test-method signature="testCarLoanTenureMonthToYear(java.lang.String,java.lang.String)[pri:0, instance:test.TC010_TestCarLoanTenureYearToMonth@31dadd46]" started-at="2026-07-11T22:19:43 IST" name="testCarLoanTenureMonthToYear" data-provider="CarLoanTenureMonthYear" finished-at="2026-07-11T22:19:45 IST" duration-ms="1899" status="PASS">
          <params>
            <param index="0">
              <value>
                <![CDATA[1]]>
              </value>
            </param>
            <param index="1">
              <value>
                <![CDATA[12]]>
              </value>
            </param>
          </params>
          <reporter-output>
          </reporter-output>
        </test-method> <!-- testCarLoanTenureMonthToYear -->
        <test-method signature="testCarLoanTenureMonthToYear(java.lang.String,java.lang.String)[pri:0, instance:test.TC010_TestCarLoanTenureYearToMonth@31dadd46]" started-at="2026-07-11T22:19:45 IST" name="testCarLoanTenureMonthToYear" data-provider="CarLoanTenureMonthYear" finished-at="2026-07-11T22:19:47 IST" duration-ms="1081" status="PASS">
          <params>
            <param index="0">
              <value>
                <![CDATA[2]]>
              </value>
            </param>
            <param index="1">
              <value>
                <![CDATA[24]]>
              </value>
            </param>
          </params>
          <reporter-output>
          </reporter-output>
        </test-method> <!-- testCarLoanTenureMonthToYear -->
        <test-method signature="testCarLoanTenureMonthToYear(java.lang.String,java.lang.String)[pri:0, instance:test.TC010_TestCarLoanTenureYearToMonth@31dadd46]" started-at="2026-07-11T22:19:47 IST" name="testCarLoanTenureMonthToYear" data-provider="CarLoanTenureMonthYear" finished-at="2026-07-11T22:19:48 IST" duration-ms="1235" status="PASS">
          <params>
            <param index="0">
              <value>
                <![CDATA[5]]>
              </value>
            </param>
            <param index="1">
              <value>
                <![CDATA[60]]>
              </value>
            </param>
          </params>
          <reporter-output>
          </reporter-output>
        </test-method> <!-- testCarLoanTenureMonthToYear -->
        <test-method is-config="true" signature="tearDown()[pri:0, instance:test.TC010_TestCarLoanTenureYearToMonth@31dadd46]" started-at="2026-07-11T22:19:48 IST" name="tearDown" finished-at="2026-07-11T22:19:50 IST" duration-ms="1242" status="PASS">
          <reporter-output>
          </reporter-output>
        </test-method> <!-- tearDown -->
      </class> <!-- test.TC010_TestCarLoanTenureYearToMonth -->
      <class name="test.TC004_TestCarLoanAmtTxtboxForNumInput">
        <test-method is-config="true" signature="driverSetUp(org.testng.ITestContext,java.lang.String,java.lang.String)[pri:0, instance:test.TC004_TestCarLoanAmtTxtboxForNumInput@29a0cdb]" started-at="2026-07-11T22:18:30 IST" name="driverSetUp" finished-at="2026-07-11T22:18:37 IST" duration-ms="6361" status="PASS">
          <params>
            <param index="0">
              <value>
                <![CDATA[org.testng.TestRunner@39c93af6]]>
              </value>
            </param>
            <param index="1">
              <value>
                <![CDATA[chrome]]>
              </value>
            </param>
            <param index="2">
              <value>
                <![CDATA[remote]]>
              </value>
            </param>
          </params>
          <reporter-output>
          </reporter-output>
        </test-method> <!-- driverSetUp -->
        <test-method signature="testCarLoanAmtText(java.lang.String)[pri:0, instance:test.TC004_TestCarLoanAmtTxtboxForNumInput@29a0cdb]" started-at="2026-07-11T22:18:37 IST" name="testCarLoanAmtText" data-provider="CarLoanAmountnum" finished-at="2026-07-11T22:18:38 IST" duration-ms="1485" status="PASS">
          <params>
            <param index="0">
              <value>
                <![CDATA[1,00,000]]>
              </value>
            </param>
          </params>
          <reporter-output>
          </reporter-output>
        </test-method> <!-- testCarLoanAmtText -->
        <test-method signature="testCarLoanAmtText(java.lang.String)[pri:0, instance:test.TC004_TestCarLoanAmtTxtboxForNumInput@29a0cdb]" started-at="2026-07-11T22:18:39 IST" name="testCarLoanAmtText" data-provider="CarLoanAmountnum" finished-at="2026-07-11T22:18:40 IST" duration-ms="1257" status="PASS">
          <params>
            <param index="0">
              <value>
                <![CDATA[2,00,000]]>
              </value>
            </param>
          </params>
          <reporter-output>
          </reporter-output>
        </test-method> <!-- testCarLoanAmtText -->
        <test-method is-config="true" signature="tearDown()[pri:0, instance:test.TC004_TestCarLoanAmtTxtboxForNumInput@29a0cdb]" started-at="2026-07-11T22:18:40 IST" name="tearDown" finished-at="2026-07-11T22:18:42 IST" duration-ms="1550" status="PASS">
          <reporter-output>
          </reporter-output>
        </test-method> <!-- tearDown -->
      </class> <!-- test.TC004_TestCarLoanAmtTxtboxForNumInput -->
      <class name="test.TC012_TestCarLoanAmtTextboxToSlider">
        <test-method is-config="true" signature="driverSetUp(org.testng.ITestContext,java.lang.String,java.lang.String)[pri:0, instance:test.TC012_TestCarLoanAmtTextboxToSlider@12f9af83]" started-at="2026-07-11T22:20:17 IST" name="driverSetUp" finished-at="2026-07-11T22:20:23 IST" duration-ms="5577" status="PASS">
          <params>
            <param index="0">
              <value>
                <![CDATA[org.testng.TestRunner@39c93af6]]>
              </value>
            </param>
            <param index="1">
              <value>
                <![CDATA[chrome]]>
              </value>
            </param>
            <param index="2">
              <value>
                <![CDATA[remote]]>
              </value>
            </param>
          </params>
          <reporter-output>
          </reporter-output>
        </test-method> <!-- driverSetUp -->
        <test-method signature="testCarLoanAmtTextboxToSlider(int)[pri:0, instance:test.TC012_TestCarLoanAmtTextboxToSlider@12f9af83]" started-at="2026-07-11T22:20:23 IST" name="testCarLoanAmtTextboxToSlider" data-provider="CarLoansliderValueInt" finished-at="2026-07-11T22:20:24 IST" duration-ms="914" status="PASS">
          <params>
            <param index="0">
              <value>
                <![CDATA[1000000]]>
              </value>
            </param>
          </params>
          <reporter-output>
          </reporter-output>
        </test-method> <!-- testCarLoanAmtTextboxToSlider -->
        <test-method signature="testCarLoanAmtTextboxToSlider(int)[pri:0, instance:test.TC012_TestCarLoanAmtTextboxToSlider@12f9af83]" started-at="2026-07-11T22:20:24 IST" name="testCarLoanAmtTextboxToSlider" data-provider="CarLoansliderValueInt" finished-at="2026-07-11T22:20:25 IST" duration-ms="773" status="PASS">
          <params>
            <param index="0">
              <value>
                <![CDATA[500000]]>
              </value>
            </param>
          </params>
          <reporter-output>
          </reporter-output>
        </test-method> <!-- testCarLoanAmtTextboxToSlider -->
        <test-method signature="testCarLoanAmtTextboxToSlider(int)[pri:0, instance:test.TC012_TestCarLoanAmtTextboxToSlider@12f9af83]" started-at="2026-07-11T22:20:25 IST" name="testCarLoanAmtTextboxToSlider" data-provider="CarLoansliderValueInt" finished-at="2026-07-11T22:20:26 IST" duration-ms="702" status="PASS">
          <params>
            <param index="0">
              <value>
                <![CDATA[700000]]>
              </value>
            </param>
          </params>
          <reporter-output>
          </reporter-output>
        </test-method> <!-- testCarLoanAmtTextboxToSlider -->
        <test-method is-config="true" signature="tearDown()[pri:0, instance:test.TC012_TestCarLoanAmtTextboxToSlider@12f9af83]" started-at="2026-07-11T22:20:26 IST" name="tearDown" finished-at="2026-07-11T22:20:27 IST" duration-ms="1271" status="PASS">
          <reporter-output>
          </reporter-output>
        </test-method> <!-- tearDown -->
      </class> <!-- test.TC012_TestCarLoanAmtTextboxToSlider -->
      <class name="test.TC021_CarLoan_Validation">
        <test-method is-config="true" signature="driverSetUp(org.testng.ITestContext,java.lang.String,java.lang.String)[pri:0, instance:test.TC021_CarLoan_Validation@7f132176]" started-at="2026-07-11T22:23:12 IST" name="driverSetUp" finished-at="2026-07-11T22:23:18 IST" duration-ms="5962" status="PASS">
          <params>
            <param index="0">
              <value>
                <![CDATA[org.testng.TestRunner@39c93af6]]>
              </value>
            </param>
            <param index="1">
              <value>
                <![CDATA[chrome]]>
              </value>
            </param>
            <param index="2">
              <value>
                <![CDATA[remote]]>
              </value>
            </param>
          </params>
          <reporter-output>
          </reporter-output>
        </test-method> <!-- driverSetUp -->
        <test-method signature="CarLoan_Validation(java.lang.String,java.lang.String,java.lang.String,java.lang.String,java.lang.String,java.lang.String)[pri:0, instance:test.TC021_CarLoan_Validation@7f132176]" started-at="2026-07-11T22:23:18 IST" name="CarLoan_Validation" data-provider="CarLoanData" finished-at="2026-07-11T22:23:21 IST" duration-ms="2378" status="PASS">
          <params>
            <param index="0">
              <value>
                <![CDATA[500000]]>
              </value>
            </param>
            <param index="1">
              <value>
                <![CDATA[5]]>
              </value>
            </param>
            <param index="2">
              <value>
                <![CDATA[6]]>
              </value>
            </param>
            <param index="3">
              <value>
                <![CDATA[8,052]]>
              </value>
            </param>
            <param index="4">
              <value>
                <![CDATA[79,778]]>
              </value>
            </param>
            <param index="5">
              <value>
                <![CDATA[5,79,778]]>
              </value>
            </param>
          </params>
          <reporter-output>
          </reporter-output>
        </test-method> <!-- CarLoan_Validation -->
        <test-method signature="CarLoan_Validation(java.lang.String,java.lang.String,java.lang.String,java.lang.String,java.lang.String,java.lang.String)[pri:0, instance:test.TC021_CarLoan_Validation@7f132176]" started-at="2026-07-11T22:23:21 IST" name="CarLoan_Validation" data-provider="CarLoanData" finished-at="2026-07-11T22:23:23 IST" duration-ms="1839" status="PASS">
          <params>
            <param index="0">
              <value>
                <![CDATA[600000]]>
              </value>
            </param>
            <param index="1">
              <value>
                <![CDATA[8]]>
              </value>
            </param>
            <param index="2">
              <value>
                <![CDATA[8]]>
              </value>
            </param>
            <param index="3">
              <value>
                <![CDATA[8,482]]>
              </value>
            </param>
            <param index="4">
              <value>
                <![CDATA[2,14,273]]>
              </value>
            </param>
            <param index="5">
              <value>
                <![CDATA[8,14,273]]>
              </value>
            </param>
          </params>
          <reporter-output>
          </reporter-output>
        </test-method> <!-- CarLoan_Validation -->
        <test-method signature="CarLoan_Validation(java.lang.String,java.lang.String,java.lang.String,java.lang.String,java.lang.String,java.lang.String)[pri:0, instance:test.TC021_CarLoan_Validation@7f132176]" started-at="2026-07-11T22:23:23 IST" name="CarLoan_Validation" data-provider="CarLoanData" finished-at="2026-07-11T22:23:25 IST" duration-ms="2031" status="PASS">
          <params>
            <param index="0">
              <value>
                <![CDATA[100000]]>
              </value>
            </param>
            <param index="1">
              <value>
                <![CDATA[9]]>
              </value>
            </param>
            <param index="2">
              <value>
                <![CDATA[10]]>
              </value>
            </param>
            <param index="3">
              <value>
                <![CDATA[1,267]]>
              </value>
            </param>
            <param index="4">
              <value>
                <![CDATA[52,011]]>
              </value>
            </param>
            <param index="5">
              <value>
                <![CDATA[1,52,011]]>
              </value>
            </param>
          </params>
          <reporter-output>
          </reporter-output>
        </test-method> <!-- CarLoan_Validation -->
        <test-method is-config="true" signature="tearDown()[pri:0, instance:test.TC021_CarLoan_Validation@7f132176]" started-at="2026-07-11T22:23:26 IST" name="tearDown" finished-at="2026-07-11T22:23:27 IST" duration-ms="1372" status="PASS">
          <reporter-output>
          </reporter-output>
        </test-method> <!-- tearDown -->
      </class> <!-- test.TC021_CarLoan_Validation -->
      <class name="test.TC007_TestCarLoanTenureTxtboxForStrInput">
        <test-method is-config="true" signature="driverSetUp(org.testng.ITestContext,java.lang.String,java.lang.String)[pri:0, instance:test.TC007_TestCarLoanTenureTxtboxForStrInput@6eb2384f]" started-at="2026-07-11T22:19:05 IST" name="driverSetUp" finished-at="2026-07-11T22:19:11 IST" duration-ms="5680" status="PASS">
          <params>
            <param index="0">
              <value>
                <![CDATA[org.testng.TestRunner@39c93af6]]>
              </value>
            </param>
            <param index="1">
              <value>
                <![CDATA[chrome]]>
              </value>
            </param>
            <param index="2">
              <value>
                <![CDATA[remote]]>
              </value>
            </param>
          </params>
          <reporter-output>
          </reporter-output>
        </test-method> <!-- driverSetUp -->
        <test-method signature="testCarLoanTenureTextbox(java.lang.String)[pri:0, instance:test.TC007_TestCarLoanTenureTxtboxForStrInput@6eb2384f]" started-at="2026-07-11T22:19:11 IST" name="testCarLoanTenureTextbox" data-provider="CarLoanAmountstr" finished-at="2026-07-11T22:19:12 IST" duration-ms="1467" status="PASS">
          <params>
            <param index="0">
              <value>
                <![CDATA[dhuru]]>
              </value>
            </param>
          </params>
          <reporter-output>
          </reporter-output>
        </test-method> <!-- testCarLoanTenureTextbox -->
        <test-method signature="testCarLoanTenureTextbox(java.lang.String)[pri:0, instance:test.TC007_TestCarLoanTenureTxtboxForStrInput@6eb2384f]" started-at="2026-07-11T22:19:13 IST" name="testCarLoanTenureTextbox" data-provider="CarLoanAmountstr" finished-at="2026-07-11T22:19:13 IST" duration-ms="793" status="PASS">
          <params>
            <param index="0">
              <value>
                <![CDATA[Vikram]]>
              </value>
            </param>
          </params>
          <reporter-output>
          </reporter-output>
        </test-method> <!-- testCarLoanTenureTextbox -->
        <test-method is-config="true" signature="tearDown()[pri:0, instance:test.TC007_TestCarLoanTenureTxtboxForStrInput@6eb2384f]" started-at="2026-07-11T22:19:14 IST" name="tearDown" finished-at="2026-07-11T22:19:15 IST" duration-ms="1363" status="PASS">
          <reporter-output>
          </reporter-output>
        </test-method> <!-- tearDown -->
      </class> <!-- test.TC007_TestCarLoanTenureTxtboxForStrInput -->
      <class name="test.TC008_TestCarLoanTenureTxtboxForNumInput">
        <test-method is-config="true" signature="driverSetUp(org.testng.ITestContext,java.lang.String,java.lang.String)[pri:0, instance:test.TC008_TestCarLoanTenureTxtboxForNumInput@3c9c0d96]" started-at="2026-07-11T22:19:15 IST" name="driverSetUp" finished-at="2026-07-11T22:19:21 IST" duration-ms="5981" status="PASS">
          <params>
            <param index="0">
              <value>
                <![CDATA[org.testng.TestRunner@39c93af6]]>
              </value>
            </param>
            <param index="1">
              <value>
                <![CDATA[chrome]]>
              </value>
            </param>
            <param index="2">
              <value>
                <![CDATA[remote]]>
              </value>
            </param>
          </params>
          <reporter-output>
          </reporter-output>
        </test-method> <!-- driverSetUp -->
        <test-method signature="testCarLoanTenureTextbox(java.lang.String)[pri:0, instance:test.TC008_TestCarLoanTenureTxtboxForNumInput@3c9c0d96]" started-at="2026-07-11T22:19:21 IST" name="testCarLoanTenureTextbox" data-provider="CarTenureAmountnum" finished-at="2026-07-11T22:19:22 IST" duration-ms="1221" status="PASS">
          <params>
            <param index="0">
              <value>
                <![CDATA[5]]>
              </value>
            </param>
          </params>
          <reporter-output>
          </reporter-output>
        </test-method> <!-- testCarLoanTenureTextbox -->
        <test-method signature="testCarLoanTenureTextbox(java.lang.String)[pri:0, instance:test.TC008_TestCarLoanTenureTxtboxForNumInput@3c9c0d96]" started-at="2026-07-11T22:19:23 IST" name="testCarLoanTenureTextbox" data-provider="CarTenureAmountnum" finished-at="2026-07-11T22:19:24 IST" duration-ms="825" status="PASS">
          <params>
            <param index="0">
              <value>
                <![CDATA[7]]>
              </value>
            </param>
          </params>
          <reporter-output>
          </reporter-output>
        </test-method> <!-- testCarLoanTenureTextbox -->
        <test-method is-config="true" signature="tearDown()[pri:0, instance:test.TC008_TestCarLoanTenureTxtboxForNumInput@3c9c0d96]" started-at="2026-07-11T22:19:24 IST" name="tearDown" finished-at="2026-07-11T22:19:25 IST" duration-ms="1395" status="PASS">
          <reporter-output>
          </reporter-output>
        </test-method> <!-- tearDown -->
      </class> <!-- test.TC008_TestCarLoanTenureTxtboxForNumInput -->
      <class name="test.TC019_HomeLoanValidation">
        <test-method is-config="true" signature="driverSetUp(org.testng.ITestContext,java.lang.String,java.lang.String)[pri:0, instance:test.TC019_HomeLoanValidation@ee86bcb]" started-at="2026-07-11T22:22:09 IST" name="driverSetUp" finished-at="2026-07-11T22:22:14 IST" duration-ms="5576" status="PASS">
          <params>
            <param index="0">
              <value>
                <![CDATA[org.testng.TestRunner@39c93af6]]>
              </value>
            </param>
            <param index="1">
              <value>
                <![CDATA[chrome]]>
              </value>
            </param>
            <param index="2">
              <value>
                <![CDATA[remote]]>
              </value>
            </param>
          </params>
          <reporter-output>
          </reporter-output>
        </test-method> <!-- driverSetUp -->
        <test-method signature="validate_HomeLoan(java.lang.String,java.lang.String,java.lang.String,java.lang.String,java.lang.String,java.lang.String,java.lang.String,java.lang.String,java.lang.String,java.lang.String,java.lang.String,java.lang.String,java.lang.String,java.lang.String,java.lang.String)[pri:0, instance:test.TC019_HomeLoanValidation@ee86bcb]" started-at="2026-07-11T22:22:18 IST" name="validate_HomeLoan" data-provider="LoginData" finished-at="2026-07-11T22:22:36 IST" duration-ms="18895" status="PASS">
          <params>
            <param index="0">
              <value>
                <![CDATA[6000000]]>
              </value>
            </param>
            <param index="1">
              <value>
                <![CDATA[25]]>
              </value>
            </param>
            <param index="2">
              <value>
                <![CDATA[0]]>
              </value>
            </param>
            <param index="3">
              <value>
                <![CDATA[4500000]]>
              </value>
            </param>
            <param index="4">
              <value>
                <![CDATA[10]]>
              </value>
            </param>
            <param index="5">
              <value>
                <![CDATA[5]]>
              </value>
            </param>
            <param index="6">
              <value>
                <![CDATA[0.3]]>
              </value>
            </param>
            <param index="7">
              <value>
                <![CDATA[Jul]]>
              </value>
            </param>
            <param index="8">
              <value>
                <![CDATA[2026]]>
              </value>
            </param>
            <param index="9">
              <value>
                <![CDATA[15]]>
              </value>
            </param>
            <param index="10">
              <value>
                <![CDATA[0.3]]>
              </value>
            </param>
            <param index="11">
              <value>
                <![CDATA[0.06]]>
              </value>
            </param>
            <param index="12">
              <value>
                <![CDATA[3000]]>
              </value>
            </param>
            <param index="13">
              <value>
                <![CDATA[1,00,412]]>
              </value>
            </param>
            <param index="14">
              <value>
                <![CDATA[84,38,202]]>
              </value>
            </param>
          </params>
          <reporter-output>
          </reporter-output>
        </test-method> <!-- validate_HomeLoan -->
        <test-method signature="validate_HomeLoan(java.lang.String,java.lang.String,java.lang.String,java.lang.String,java.lang.String,java.lang.String,java.lang.String,java.lang.String,java.lang.String,java.lang.String,java.lang.String,java.lang.String,java.lang.String,java.lang.String,java.lang.String)[pri:0, instance:test.TC019_HomeLoanValidation@ee86bcb]" started-at="2026-07-11T22:22:37 IST" name="validate_HomeLoan" data-provider="LoginData" finished-at="2026-07-11T22:22:58 IST" duration-ms="21433" status="PASS">
          <params>
            <param index="0">
              <value>
                <![CDATA[7000000]]>
              </value>
            </param>
            <param index="1">
              <value>
                <![CDATA[25]]>
              </value>
            </param>
            <param index="2">
              <value>
                <![CDATA[0]]>
              </value>
            </param>
            <param index="3">
              <value>
                <![CDATA[5500000]]>
              </value>
            </param>
            <param index="4">
              <value>
                <![CDATA[9]]>
              </value>
            </param>
            <param index="5">
              <value>
                <![CDATA[10]]>
              </value>
            </param>
            <param index="6">
              <value>
                <![CDATA[0.4]]>
              </value>
            </param>
            <param index="7">
              <value>
                <![CDATA[Jul]]>
              </value>
            </param>
            <param index="8">
              <value>
                <![CDATA[2026]]>
              </value>
            </param>
            <param index="9">
              <value>
                <![CDATA[20]]>
              </value>
            </param>
            <param index="10">
              <value>
                <![CDATA[0.5]]>
              </value>
            </param>
            <param index="11">
              <value>
                <![CDATA[0.07]]>
              </value>
            </param>
            <param index="12">
              <value>
                <![CDATA[5000]]>
              </value>
            </param>
            <param index="13">
              <value>
                <![CDATA[77,997]]>
              </value>
            </param>
            <param index="14">
              <value>
                <![CDATA[1,22,81,631]]>
              </value>
            </param>
          </params>
          <reporter-output>
          </reporter-output>
        </test-method> <!-- validate_HomeLoan -->
        <test-method is-config="true" signature="tearDown()[pri:0, instance:test.TC019_HomeLoanValidation@ee86bcb]" started-at="2026-07-11T22:22:58 IST" name="tearDown" finished-at="2026-07-11T22:23:00 IST" duration-ms="1559" status="PASS">
          <reporter-output>
          </reporter-output>
        </test-method> <!-- tearDown -->
      </class> <!-- test.TC019_HomeLoanValidation -->
      <class name="test.TC013_TestCarLoanInterestSliderToTextbox">
        <test-method is-config="true" signature="driverSetUp(org.testng.ITestContext,java.lang.String,java.lang.String)[pri:0, instance:test.TC013_TestCarLoanInterestSliderToTextbox@19b93fa8]" started-at="2026-07-11T22:20:27 IST" name="driverSetUp" finished-at="2026-07-11T22:21:13 IST" duration-ms="45836" status="PASS">
          <params>
            <param index="0">
              <value>
                <![CDATA[org.testng.TestRunner@39c93af6]]>
              </value>
            </param>
            <param index="1">
              <value>
                <![CDATA[chrome]]>
              </value>
            </param>
            <param index="2">
              <value>
                <![CDATA[remote]]>
              </value>
            </param>
          </params>
          <reporter-output>
          </reporter-output>
        </test-method> <!-- driverSetUp -->
        <test-method signature="testCarLoanInterestSliderToTextbox(java.lang.String)[pri:0, instance:test.TC013_TestCarLoanInterestSliderToTextbox@19b93fa8]" started-at="2026-07-11T22:21:13 IST" name="testCarLoanInterestSliderToTextbox" data-provider="CarInterestAmountnum" finished-at="2026-07-11T22:21:15 IST" duration-ms="1450" status="PASS">
          <params>
            <param index="0">
              <value>
                <![CDATA[9]]>
              </value>
            </param>
          </params>
          <reporter-output>
          </reporter-output>
        </test-method> <!-- testCarLoanInterestSliderToTextbox -->
        <test-method signature="testCarLoanInterestSliderToTextbox(java.lang.String)[pri:0, instance:test.TC013_TestCarLoanInterestSliderToTextbox@19b93fa8]" started-at="2026-07-11T22:21:15 IST" name="testCarLoanInterestSliderToTextbox" data-provider="CarInterestAmountnum" finished-at="2026-07-11T22:21:16 IST" duration-ms="1165" status="PASS">
          <params>
            <param index="0">
              <value>
                <![CDATA[8]]>
              </value>
            </param>
          </params>
          <reporter-output>
          </reporter-output>
        </test-method> <!-- testCarLoanInterestSliderToTextbox -->
        <test-method is-config="true" signature="tearDown()[pri:0, instance:test.TC013_TestCarLoanInterestSliderToTextbox@19b93fa8]" started-at="2026-07-11T22:21:16 IST" name="tearDown" finished-at="2026-07-11T22:21:18 IST" duration-ms="1518" status="PASS">
          <reporter-output>
          </reporter-output>
        </test-method> <!-- tearDown -->
      </class> <!-- test.TC013_TestCarLoanInterestSliderToTextbox -->
      <class name="test.TC002_CheckCarLoanInNav">
        <test-method is-config="true" signature="driverSetUp(org.testng.ITestContext,java.lang.String,java.lang.String)[pri:0, instance:test.TC002_CheckCarLoanInNav@5a1de7fb]" started-at="2026-07-11T22:18:11 IST" name="driverSetUp" finished-at="2026-07-11T22:18:17 IST" duration-ms="5507" status="PASS">
          <params>
            <param index="0">
              <value>
                <![CDATA[org.testng.TestRunner@39c93af6]]>
              </value>
            </param>
            <param index="1">
              <value>
                <![CDATA[chrome]]>
              </value>
            </param>
            <param index="2">
              <value>
                <![CDATA[remote]]>
              </value>
            </param>
          </params>
          <reporter-output>
          </reporter-output>
        </test-method> <!-- driverSetUp -->
        <test-method signature="carLoanPresentOrNot()[pri:0, instance:test.TC002_CheckCarLoanInNav@5a1de7fb]" started-at="2026-07-11T22:18:17 IST" name="carLoanPresentOrNot" finished-at="2026-07-11T22:18:17 IST" duration-ms="252" status="PASS">
          <reporter-output>
          </reporter-output>
        </test-method> <!-- carLoanPresentOrNot -->
        <test-method is-config="true" signature="tearDown()[pri:0, instance:test.TC002_CheckCarLoanInNav@5a1de7fb]" started-at="2026-07-11T22:18:17 IST" name="tearDown" finished-at="2026-07-11T22:18:19 IST" duration-ms="1445" status="PASS">
          <reporter-output>
          </reporter-output>
        </test-method> <!-- tearDown -->
      </class> <!-- test.TC002_CheckCarLoanInNav -->
      <class name="test.TC016_TestCarLoanTenureTextboxToSlider">
        <test-method is-config="true" signature="driverSetUp(org.testng.ITestContext,java.lang.String,java.lang.String)[pri:0, instance:test.TC016_TestCarLoanTenureTextboxToSlider@40db2a24]" started-at="2026-07-11T22:21:39 IST" name="driverSetUp" finished-at="2026-07-11T22:21:45 IST" duration-ms="5702" status="PASS">
          <params>
            <param index="0">
              <value>
                <![CDATA[org.testng.TestRunner@39c93af6]]>
              </value>
            </param>
            <param index="1">
              <value>
                <![CDATA[chrome]]>
              </value>
            </param>
            <param index="2">
              <value>
                <![CDATA[remote]]>
              </value>
            </param>
          </params>
          <reporter-output>
          </reporter-output>
        </test-method> <!-- driverSetUp -->
        <test-method signature="testCarLoanTenureTextboxToSlider(java.lang.String)[pri:0, instance:test.TC016_TestCarLoanTenureTextboxToSlider@40db2a24]" started-at="2026-07-11T22:21:45 IST" name="testCarLoanTenureTextboxToSlider" data-provider="CarTenureAmountnum" finished-at="2026-07-11T22:21:46 IST" duration-ms="847" status="PASS">
          <params>
            <param index="0">
              <value>
                <![CDATA[5]]>
              </value>
            </param>
          </params>
          <reporter-output>
          </reporter-output>
        </test-method> <!-- testCarLoanTenureTextboxToSlider -->
        <test-method signature="testCarLoanTenureTextboxToSlider(java.lang.String)[pri:0, instance:test.TC016_TestCarLoanTenureTextboxToSlider@40db2a24]" started-at="2026-07-11T22:21:46 IST" name="testCarLoanTenureTextboxToSlider" data-provider="CarTenureAmountnum" finished-at="2026-07-11T22:21:47 IST" duration-ms="620" status="PASS">
          <params>
            <param index="0">
              <value>
                <![CDATA[7]]>
              </value>
            </param>
          </params>
          <reporter-output>
          </reporter-output>
        </test-method> <!-- testCarLoanTenureTextboxToSlider -->
        <test-method is-config="true" signature="tearDown()[pri:0, instance:test.TC016_TestCarLoanTenureTextboxToSlider@40db2a24]" started-at="2026-07-11T22:21:47 IST" name="tearDown" finished-at="2026-07-11T22:21:48 IST" duration-ms="1254" status="PASS">
          <reporter-output>
          </reporter-output>
        </test-method> <!-- tearDown -->
      </class> <!-- test.TC016_TestCarLoanTenureTextboxToSlider -->
      <class name="test.TC017_Check_HomeLoanOptionPresentIn_Navbar">
        <test-method is-config="true" signature="driverSetUp(org.testng.ITestContext,java.lang.String,java.lang.String)[pri:0, instance:test.TC017_Check_HomeLoanOptionPresentIn_Navbar@10cf09e8]" started-at="2026-07-11T22:21:48 IST" name="driverSetUp" finished-at="2026-07-11T22:21:56 IST" duration-ms="7782" status="PASS">
          <params>
            <param index="0">
              <value>
                <![CDATA[org.testng.TestRunner@39c93af6]]>
              </value>
            </param>
            <param index="1">
              <value>
                <![CDATA[chrome]]>
              </value>
            </param>
            <param index="2">
              <value>
                <![CDATA[remote]]>
              </value>
            </param>
          </params>
          <reporter-output>
          </reporter-output>
        </test-method> <!-- driverSetUp -->
        <test-method signature="check_HomeLoanOptionPresentIn_Navbar()[pri:0, instance:test.TC017_Check_HomeLoanOptionPresentIn_Navbar@10cf09e8]" started-at="2026-07-11T22:21:56 IST" name="check_HomeLoanOptionPresentIn_Navbar" finished-at="2026-07-11T22:21:57 IST" duration-ms="573" status="PASS">
          <reporter-output>
          </reporter-output>
        </test-method> <!-- check_HomeLoanOptionPresentIn_Navbar -->
        <test-method is-config="true" signature="tearDown()[pri:0, instance:test.TC017_Check_HomeLoanOptionPresentIn_Navbar@10cf09e8]" started-at="2026-07-11T22:21:57 IST" name="tearDown" finished-at="2026-07-11T22:21:58 IST" duration-ms="1240" status="PASS">
          <reporter-output>
          </reporter-output>
        </test-method> <!-- tearDown -->
      </class> <!-- test.TC017_Check_HomeLoanOptionPresentIn_Navbar -->
      <class name="test.TC018_Check_InputFieldsPresentedOrNot_For_HomeLoan">
        <test-method is-config="true" signature="driverSetUp(org.testng.ITestContext,java.lang.String,java.lang.String)[pri:0, instance:test.TC018_Check_InputFieldsPresentedOrNot_For_HomeLoan@1921ad94]" started-at="2026-07-11T22:21:58 IST" name="driverSetUp" finished-at="2026-07-11T22:22:04 IST" duration-ms="5289" status="PASS">
          <params>
            <param index="0">
              <value>
                <![CDATA[org.testng.TestRunner@39c93af6]]>
              </value>
            </param>
            <param index="1">
              <value>
                <![CDATA[chrome]]>
              </value>
            </param>
            <param index="2">
              <value>
                <![CDATA[remote]]>
              </value>
            </param>
          </params>
          <reporter-output>
          </reporter-output>
        </test-method> <!-- driverSetUp -->
        <test-method signature="validate_HomeValue_InputFieldsPresentedOrNot_For_HomeLoan()[pri:0, instance:test.TC018_Check_InputFieldsPresentedOrNot_For_HomeLoan@1921ad94]" started-at="2026-07-11T22:22:04 IST" name="validate_HomeValue_InputFieldsPresentedOrNot_For_HomeLoan" finished-at="2026-07-11T22:22:07 IST" duration-ms="3337" status="PASS">
          <reporter-output>
          </reporter-output>
        </test-method> <!-- validate_HomeValue_InputFieldsPresentedOrNot_For_HomeLoan -->
        <test-method is-config="true" signature="tearDown()[pri:0, instance:test.TC018_Check_InputFieldsPresentedOrNot_For_HomeLoan@1921ad94]" started-at="2026-07-11T22:22:07 IST" name="tearDown" finished-at="2026-07-11T22:22:09 IST" duration-ms="1406" status="PASS">
          <reporter-output>
          </reporter-output>
        </test-method> <!-- tearDown -->
      </class> <!-- test.TC018_Check_InputFieldsPresentedOrNot_For_HomeLoan -->
      <class name="test.TC020_Check_GraphAndTablePresentedOrNot_For_HomeLoan">
        <test-method is-config="true" signature="driverSetUp(org.testng.ITestContext,java.lang.String,java.lang.String)[pri:0, instance:test.TC020_Check_GraphAndTablePresentedOrNot_For_HomeLoan@177bea38]" started-at="2026-07-11T22:23:00 IST" name="driverSetUp" finished-at="2026-07-11T22:23:06 IST" duration-ms="6322" status="PASS">
          <params>
            <param index="0">
              <value>
                <![CDATA[org.testng.TestRunner@39c93af6]]>
              </value>
            </param>
            <param index="1">
              <value>
                <![CDATA[chrome]]>
              </value>
            </param>
            <param index="2">
              <value>
                <![CDATA[remote]]>
              </value>
            </param>
          </params>
          <reporter-output>
          </reporter-output>
        </test-method> <!-- driverSetUp -->
        <test-method signature="check_GraphAndTablePresentedOrNot_For_HomeLoan()[pri:0, instance:test.TC020_Check_GraphAndTablePresentedOrNot_For_HomeLoan@177bea38]" started-at="2026-07-11T22:23:06 IST" name="check_GraphAndTablePresentedOrNot_For_HomeLoan" finished-at="2026-07-11T22:23:10 IST" duration-ms="4017" status="PASS">
          <reporter-output>
          </reporter-output>
        </test-method> <!-- check_GraphAndTablePresentedOrNot_For_HomeLoan -->
        <test-method is-config="true" signature="tearDown()[pri:0, instance:test.TC020_Check_GraphAndTablePresentedOrNot_For_HomeLoan@177bea38]" started-at="2026-07-11T22:23:11 IST" name="tearDown" finished-at="2026-07-11T22:23:12 IST" duration-ms="1326" status="PASS">
          <reporter-output>
          </reporter-output>
        </test-method> <!-- tearDown -->
      </class> <!-- test.TC020_Check_GraphAndTablePresentedOrNot_For_HomeLoan -->
      <class name="test.TC005_TestCarLoanInterestTxtboxForStrInput">
        <test-method is-config="true" signature="driverSetUp(org.testng.ITestContext,java.lang.String,java.lang.String)[pri:0, instance:test.TC005_TestCarLoanInterestTxtboxForStrInput@32a68f4f]" started-at="2026-07-11T22:18:42 IST" name="driverSetUp" finished-at="2026-07-11T22:18:49 IST" duration-ms="7610" status="PASS">
          <params>
            <param index="0">
              <value>
                <![CDATA[org.testng.TestRunner@39c93af6]]>
              </value>
            </param>
            <param index="1">
              <value>
                <![CDATA[chrome]]>
              </value>
            </param>
            <param index="2">
              <value>
                <![CDATA[remote]]>
              </value>
            </param>
          </params>
          <reporter-output>
          </reporter-output>
        </test-method> <!-- driverSetUp -->
        <test-method signature="testCarLoanInterestText(java.lang.String)[pri:0, instance:test.TC005_TestCarLoanInterestTxtboxForStrInput@32a68f4f]" started-at="2026-07-11T22:18:49 IST" name="testCarLoanInterestText" data-provider="CarLoanAmountstr" finished-at="2026-07-11T22:18:51 IST" duration-ms="1484" status="PASS">
          <params>
            <param index="0">
              <value>
                <![CDATA[dhuru]]>
              </value>
            </param>
          </params>
          <reporter-output>
          </reporter-output>
        </test-method> <!-- testCarLoanInterestText -->
        <test-method signature="testCarLoanInterestText(java.lang.String)[pri:0, instance:test.TC005_TestCarLoanInterestTxtboxForStrInput@32a68f4f]" started-at="2026-07-11T22:18:51 IST" name="testCarLoanInterestText" data-provider="CarLoanAmountstr" finished-at="2026-07-11T22:18:52 IST" duration-ms="811" status="PASS">
          <params>
            <param index="0">
              <value>
                <![CDATA[Vikram]]>
              </value>
            </param>
          </params>
          <reporter-output>
          </reporter-output>
        </test-method> <!-- testCarLoanInterestText -->
        <test-method is-config="true" signature="tearDown()[pri:0, instance:test.TC005_TestCarLoanInterestTxtboxForStrInput@32a68f4f]" started-at="2026-07-11T22:18:52 IST" name="tearDown" finished-at="2026-07-11T22:18:53 IST" duration-ms="1360" status="PASS">
          <reporter-output>
          </reporter-output>
        </test-method> <!-- tearDown -->
      </class> <!-- test.TC005_TestCarLoanInterestTxtboxForStrInput -->
    </test> <!-- Test -->
  </suite> <!-- Suite -->
</testng-results>
