<?xml version="1.0" encoding="UTF-8"?>
<!-- Generated by org.testng.reporters.JUnitReportReporter -->
<testsuite hostname="LTIN699298" failures="0" tests="2" name="test.TC013_TestCarLoanInterestSliderToTextbox" time="2.615" errors="0" timestamp="2026-07-11T22:23:28 IST" skipped="0">
  <testcase classname="test.TC013_TestCarLoanInterestSliderToTextbox" name="testCarLoanInterestSliderToTextbox" time="1.450"/>
  <testcase classname="test.TC013_TestCarLoanInterestSliderToTextbox" name="testCarLoanInterestSliderToTextbox" time="1.165"/>
</testsuite> <!-- test.TC013_TestCarLoanInterestSliderToTextbox -->
