<?xml version="1.0" encoding="UTF-8"?>
<!-- Generated by org.testng.reporters.JUnitReportReporter -->
<testsuite hostname="LTIN699298" failures="0" tests="2" name="test.TC005_TestCarLoanInterestTxtboxForStrInput" time="2.295" errors="0" timestamp="2026-07-11T22:23:28 IST" skipped="0">
  <testcase classname="test.TC005_TestCarLoanInterestTxtboxForStrInput" name="testCarLoanInterestText" time="1.484"/>
  <testcase classname="test.TC005_TestCarLoanInterestTxtboxForStrInput" name="testCarLoanInterestText" time="0.811"/>
</testsuite> <!-- test.TC005_TestCarLoanInterestTxtboxForStrInput -->
