<?xml version="1.0" encoding="UTF-8"?>
<!-- Generated by org.testng.reporters.JUnitReportReporter -->
<testsuite hostname="LTIN699235" failures="0" tests="3" name="test.TC008_CarLoan_Validation" time="2.524" errors="0" timestamp="2026-07-08T21:00:37 IST" skipped="0">
  <testcase classname="test.TC008_CarLoan_Validation" name="CarLoan_Validation" time="0.747"/>
  <testcase classname="test.TC008_CarLoan_Validation" name="CarLoan_Validation" time="1.014"/>
  <testcase classname="test.TC008_CarLoan_Validation" name="CarLoan_Validation" time="0.763"/>
</testsuite> <!-- test.TC008_CarLoan_Validation -->
