<?xml version="1.0" encoding="UTF-8"?>
<!-- Generated by org.testng.reporters.JUnitReportReporter -->
<testsuite hostname="LTIN699298" failures="0" tests="2" name="test.TC008_TestCarLoanTenureTxtboxForNumInput" time="2.046" errors="0" timestamp="2026-07-11T22:23:28 IST" skipped="0">
  <testcase classname="test.TC008_TestCarLoanTenureTxtboxForNumInput" name="testCarLoanTenureTextbox" time="1.221"/>
  <testcase classname="test.TC008_TestCarLoanTenureTxtboxForNumInput" name="testCarLoanTenureTextbox" time="0.825"/>
</testsuite> <!-- test.TC008_TestCarLoanTenureTxtboxForNumInput -->
