<?xml version="1.0" encoding="UTF-8"?>
<!-- Generated by org.testng.reporters.JUnitReportReporter -->
<testsuite hostname="LTIN699235" failures="0" tests="3" name="test.TC012_TestCarLoanAmtTextboxToSlider" time="1.069" errors="0" timestamp="2026-07-10T13:58:09 IST" skipped="0">
  <testcase classname="test.TC012_TestCarLoanAmtTextboxToSlider" name="testCarLoanAmtTextboxToSlider" time="0.357"/>
  <testcase classname="test.TC012_TestCarLoanAmtTextboxToSlider" name="testCarLoanAmtTextboxToSlider" time="0.362"/>
  <testcase classname="test.TC012_TestCarLoanAmtTextboxToSlider" name="testCarLoanAmtTextboxToSlider" time="0.350"/>
</testsuite> <!-- test.TC012_TestCarLoanAmtTextboxToSlider -->
