<?xml version="1.0" encoding="UTF-8"?>
<!-- Generated by org.testng.reporters.JUnitReportReporter -->
<testsuite hostname="LTIN699298" failures="0" tests="3" name="test.TC011_TestCarLoanAmtSliderToTextbox" time="19.492" errors="0" timestamp="2026-07-11T22:23:28 IST" skipped="0">
  <testcase classname="test.TC011_TestCarLoanAmtSliderToTextbox" name="testCarLoanAmtSliderToTextbox" time="6.381"/>
  <testcase classname="test.TC011_TestCarLoanAmtSliderToTextbox" name="testCarLoanAmtSliderToTextbox" time="6.670"/>
  <testcase classname="test.TC011_TestCarLoanAmtSliderToTextbox" name="testCarLoanAmtSliderToTextbox" time="6.441"/>
</testsuite> <!-- test.TC011_TestCarLoanAmtSliderToTextbox -->
