<?xml version="1.0" encoding="UTF-8"?>
<!-- Generated by org.testng.reporters.JUnitReportReporter -->
<testsuite hostname="LTIN699235" failures="0" tests="2" name="test.TC004_HomeLoanValidation" time="30.203" errors="0" timestamp="2026-07-08T20:24:55 IST" skipped="0">
  <testcase classname="test.TC004_HomeLoanValidation" name="validate_HomeLoan" time="19.187"/>
  <testcase classname="test.TC004_HomeLoanValidation" name="validate_HomeLoan" time="11.016"/>
</testsuite> <!-- test.TC004_HomeLoanValidation -->
