<?xml version="1.0" encoding="UTF-8"?>
<!-- Generated by org.testng.reporters.JUnitReportReporter -->
<testsuite hostname="LTIN699298" failures="0" tests="2" name="test.TC014_TestCarLoanInterestTextboxToSlider" time="2.131" errors="0" timestamp="2026-07-11T22:23:28 IST" skipped="0">
  <testcase classname="test.TC014_TestCarLoanInterestTextboxToSlider" name="testCarLoanInterestTextboxToSlider" time="0.819"/>
  <testcase classname="test.TC014_TestCarLoanInterestTextboxToSlider" name="testCarLoanInterestTextboxToSlider" time="1.312"/>
</testsuite> <!-- test.TC014_TestCarLoanInterestTextboxToSlider -->
