<?xml version="1.0" encoding="UTF-8"?>
<!-- Generated by org.testng.reporters.JUnitReportReporter -->
<testsuite hostname="LTIN699235" failures="0" tests="3" name="test.TC010_TestCarLoanTenureYearToMonth" time="1.838" errors="0" timestamp="2026-07-10T13:58:09 IST" skipped="0">
  <testcase classname="test.TC010_TestCarLoanTenureYearToMonth" name="testCarLoanTenureMonthToYear" time="0.597"/>
  <testcase classname="test.TC010_TestCarLoanTenureYearToMonth" name="testCarLoanTenureMonthToYear" time="0.597"/>
  <testcase classname="test.TC010_TestCarLoanTenureYearToMonth" name="testCarLoanTenureMonthToYear" time="0.644"/>
</testsuite> <!-- test.TC010_TestCarLoanTenureYearToMonth -->
