<?xml version="1.0" encoding="UTF-8"?>
<!-- Generated by org.testng.reporters.JUnitReportReporter -->
<testsuite hostname="LTIN699235" failures="0" tests="2" name="test.TC004_TestCarLoanAmtTxtboxForNumInput" time="0.885" errors="0" timestamp="2026-07-10T13:58:09 IST" skipped="0">
  <testcase classname="test.TC004_TestCarLoanAmtTxtboxForNumInput" name="testCarLoanAmtText" time="0.432"/>
  <testcase classname="test.TC004_TestCarLoanAmtTxtboxForNumInput" name="testCarLoanAmtText" time="0.453"/>
</testsuite> <!-- test.TC004_TestCarLoanAmtTxtboxForNumInput -->
