<?xml version="1.0" encoding="UTF-8"?>
<!-- Generated by org.testng.reporters.JUnitReportReporter -->
<testsuite hostname="LTIN699235" failures="0" tests="2" name="test.TC005_TestCarLoanInterestTxtboxForStrInput" time="0.951" errors="0" timestamp="2026-07-10T13:58:09 IST" skipped="0">
  <testcase classname="test.TC005_TestCarLoanInterestTxtboxForStrInput" name="testCarLoanInterestText" time="0.493"/>
  <testcase classname="test.TC005_TestCarLoanInterestTxtboxForStrInput" name="testCarLoanInterestText" time="0.458"/>
</testsuite> <!-- test.TC005_TestCarLoanInterestTxtboxForStrInput -->
