<?xml version="1.0" encoding="UTF-8"?>
<!-- Generated by org.testng.reporters.JUnitReportReporter -->
<testsuite hostname="LTIN699298" failures="0" tests="3" name="test.TC010_TestCarLoanTenureYearToMonth" time="4.215" errors="0" timestamp="2026-07-11T22:23:28 IST" skipped="0">
  <testcase classname="test.TC010_TestCarLoanTenureYearToMonth" name="testCarLoanTenureMonthToYear" time="1.081"/>
  <testcase classname="test.TC010_TestCarLoanTenureYearToMonth" name="testCarLoanTenureMonthToYear" time="1.899"/>
  <testcase classname="test.TC010_TestCarLoanTenureYearToMonth" name="testCarLoanTenureMonthToYear" time="1.235"/>
</testsuite> <!-- test.TC010_TestCarLoanTenureYearToMonth -->
