<?xml version="1.0" encoding="UTF-8"?>
<!-- Generated by org.testng.reporters.JUnitReportReporter -->
<testsuite hostname="LTIN699235" failures="0" tests="2" name="test.TC006_TestCarLoanInterestTxtboxForNumInput" time="0.976" errors="0" timestamp="2026-07-10T13:58:09 IST" skipped="0">
  <testcase classname="test.TC006_TestCarLoanInterestTxtboxForNumInput" name="testCarLoanInterestTextbox" time="0.507"/>
  <testcase classname="test.TC006_TestCarLoanInterestTxtboxForNumInput" name="testCarLoanInterestTextbox" time="0.469"/>
</testsuite> <!-- test.TC006_TestCarLoanInterestTxtboxForNumInput -->
