<?xml version="1.0" encoding="UTF-8"?>
<!-- Generated by org.testng.reporters.JUnitReportReporter -->
<testsuite hostname="LTIN699298" failures="0" tests="2" name="test.TC015_TestCarLoanTenureSliderToTextbox" time="2.317" errors="0" timestamp="2026-07-11T22:23:28 IST" skipped="0">
  <testcase classname="test.TC015_TestCarLoanTenureSliderToTextbox" name="testCarLoanTenuretSliderToTextbox" time="1.230"/>
  <testcase classname="test.TC015_TestCarLoanTenureSliderToTextbox" name="testCarLoanTenuretSliderToTextbox" time="1.087"/>
</testsuite> <!-- test.TC015_TestCarLoanTenureSliderToTextbox -->
