<?xml version="1.0" encoding="UTF-8"?>
<!-- Generated by org.testng.reporters.JUnitReportReporter -->
<testsuite hostname="LTIN699298" failures="0" tests="2" name="test.TC007_TestCarLoanTenureTxtboxForStrInput" time="2.260" errors="0" timestamp="2026-07-11T22:23:28 IST" skipped="0">
  <testcase classname="test.TC007_TestCarLoanTenureTxtboxForStrInput" name="testCarLoanTenureTextbox" time="0.793"/>
  <testcase classname="test.TC007_TestCarLoanTenureTxtboxForStrInput" name="testCarLoanTenureTextbox" time="1.467"/>
</testsuite> <!-- test.TC007_TestCarLoanTenureTxtboxForStrInput -->
