<?xml version="1.0" encoding="UTF-8"?>
<!-- Generated by org.testng.reporters.JUnitReportReporter -->
<testsuite hostname="LTIN699235" failures="0" tests="3" name="test.TC009_TestCarLoanTenureMonthToYear" time="1.831" errors="0" timestamp="2026-07-10T13:58:09 IST" skipped="0">
  <testcase classname="test.TC009_TestCarLoanTenureMonthToYear" name="testCarLoanTenureMonthToYear" time="0.564"/>
  <testcase classname="test.TC009_TestCarLoanTenureMonthToYear" name="testCarLoanTenureMonthToYear" time="0.689"/>
  <testcase classname="test.TC009_TestCarLoanTenureMonthToYear" name="testCarLoanTenureMonthToYear" time="0.578"/>
</testsuite> <!-- test.TC009_TestCarLoanTenureMonthToYear -->
