<?xml version="1.0" encoding="UTF-8"?>
<!-- Generated by org.testng.reporters.JUnitReportReporter -->
<testsuite hostname="LTIN699235" failures="0" tests="1" name="test.TC007_Check_GraphAndTablePresentedOrNot_For_HomeLoan" time="2.114" errors="0" timestamp="2026-07-08T20:51:47 IST" skipped="0">
  <testcase classname="test.TC007_Check_GraphAndTablePresentedOrNot_For_HomeLoan" name="check_GraphAndTablePresentedOrNot_For_HomeLoan" time="2.114"/>
</testsuite> <!-- test.TC007_Check_GraphAndTablePresentedOrNot_For_HomeLoan -->
