<?xml version="1.0" encoding="UTF-8"?>
<!-- Generated by org.testng.reporters.JUnitReportReporter -->
<testsuite hostname="LTIN699298" failures="0" tests="1" name="test.TC020_Check_GraphAndTablePresentedOrNot_For_HomeLoan" time="1.741" errors="0" timestamp="2026-07-11T21:42:29 IST" skipped="0">
  <testcase classname="test.TC020_Check_GraphAndTablePresentedOrNot_For_HomeLoan" name="check_GraphAndTablePresentedOrNot_For_HomeLoan" time="1.741"/>
</testsuite> <!-- test.TC020_Check_GraphAndTablePresentedOrNot_For_HomeLoan -->
