<?xml version="1.0" encoding="UTF-8"?>
<!-- Generated by org.testng.reporters.JUnitReportReporter -->
<testsuite hostname="LTIN699235" failures="0" tests="1" name="test.TC020_Check_GraphAndTablePresentedOrNot_For_HomeLoan" time="4.360" errors="0" timestamp="2026-07-10T13:58:09 IST" skipped="0">
  <testcase classname="test.TC020_Check_GraphAndTablePresentedOrNot_For_HomeLoan" name="check_GraphAndTablePresentedOrNot_For_HomeLoan" time="4.360"/>
</testsuite> <!-- test.TC020_Check_GraphAndTablePresentedOrNot_For_HomeLoan -->
