<?xml version="1.0" encoding="UTF-8"?>
<!-- Generated by org.testng.reporters.JUnitReportReporter -->
<testsuite hostname="LTIN699298" failures="0" tests="2" name="test.TC019_HomeLoanValidation" time="19.757" errors="0" timestamp="2026-07-11T21:42:29 IST" skipped="0">
  <testcase classname="test.TC019_HomeLoanValidation" name="validate_HomeLoan" time="10.980"/>
  <testcase classname="test.TC019_HomeLoanValidation" name="validate_HomeLoan" time="8.777"/>
</testsuite> <!-- test.TC019_HomeLoanValidation -->
