<?xml version="1.0" encoding="UTF-8"?>
<!-- Generated by org.testng.reporters.JUnitReportReporter -->
<testsuite hostname="LTIN699298" failures="0" tests="1" name="test.TC018_Check_InputFieldsPresentedOrNot_For_HomeLoan" time="3.337" errors="0" timestamp="2026-07-11T22:23:28 IST" skipped="0">
  <testcase classname="test.TC018_Check_InputFieldsPresentedOrNot_For_HomeLoan" name="validate_HomeValue_InputFieldsPresentedOrNot_For_HomeLoan" time="3.337"/>
</testsuite> <!-- test.TC018_Check_InputFieldsPresentedOrNot_For_HomeLoan -->
