<?xml version="1.0" encoding="UTF-8"?>
<!-- Generated by org.testng.reporters.JUnitReportReporter -->
<testsuite hostname="LTIN699235" failures="0" tests="2" name="test.TC003_TestCarLoanAmtTxtboxForStrInput" time="0.934" errors="0" timestamp="2026-07-10T13:58:09 IST" skipped="0">
  <testcase classname="test.TC003_TestCarLoanAmtTxtboxForStrInput" name="testCarLoanAmtText" time="0.510"/>
  <testcase classname="test.TC003_TestCarLoanAmtTxtboxForStrInput" name="testCarLoanAmtText" time="0.424"/>
</testsuite> <!-- test.TC003_TestCarLoanAmtTxtboxForStrInput -->
