<?xml version="1.0" encoding="UTF-8"?>
<!-- Generated by org.testng.reporters.JUnitReportReporter -->
<testsuite hostname="LTIN699235" failures="0" tests="2" name="test.TC016_TestCarLoanTenureTextboxToSlider" time="0.721" errors="0" timestamp="2026-07-10T13:58:09 IST" skipped="0">
  <testcase classname="test.TC016_TestCarLoanTenureTextboxToSlider" name="testCarLoanTenureTextboxToSlider" time="0.338"/>
  <testcase classname="test.TC016_TestCarLoanTenureTextboxToSlider" name="testCarLoanTenureTextboxToSlider" time="0.383"/>
</testsuite> <!-- test.TC016_TestCarLoanTenureTextboxToSlider -->
