<?xml version="1.0" encoding="UTF-8"?>
<!-- Generated by org.testng.reporters.JUnitReportReporter -->
<testsuite hostname="LTIN699235" failures="0" tests="1" name="test.TC005_Check_InputFieldsPresentedOrNot_For_HomeLoan" time="2.787" errors="0" timestamp="2026-07-08T20:48:41 IST" skipped="0">
  <testcase classname="test.TC005_Check_InputFieldsPresentedOrNot_For_HomeLoan" name="validate_HomeValue_InputFieldsPresentedOrNot_For_HomeLoan" time="2.787"/>
</testsuite> <!-- test.TC005_Check_InputFieldsPresentedOrNot_For_HomeLoan -->
