<?xml version="1.0" encoding="UTF-8"?>
<!-- Generated by org.testng.reporters.JUnitReportReporter -->
<testsuite hostname="LTIN699298" failures="0" tests="2" name="test.TC006_TestCarLoanInterestTxtboxForNumInput" time="2.231" errors="0" timestamp="2026-07-11T22:23:28 IST" skipped="0">
  <testcase classname="test.TC006_TestCarLoanInterestTxtboxForNumInput" name="testCarLoanInterestTextbox" time="1.407"/>
  <testcase classname="test.TC006_TestCarLoanInterestTxtboxForNumInput" name="testCarLoanInterestTextbox" time="0.824"/>
</testsuite> <!-- test.TC006_TestCarLoanInterestTxtboxForNumInput -->
