<?xml version="1.0" encoding="UTF-8"?>
<!-- Generated by org.testng.reporters.JUnitReportReporter -->
<testsuite hostname="LTIN699235" failures="0" tests="2" name="test.TC013_TestCarLoanInterestSliderToTextbox" time="1.732" errors="0" timestamp="2026-07-10T13:58:09 IST" skipped="0">
  <testcase classname="test.TC013_TestCarLoanInterestSliderToTextbox" name="testCarLoanInterestSliderToTextbox" time="0.840"/>
  <testcase classname="test.TC013_TestCarLoanInterestSliderToTextbox" name="testCarLoanInterestSliderToTextbox" time="0.892"/>
</testsuite> <!-- test.TC013_TestCarLoanInterestSliderToTextbox -->
