<?xml version="1.0" encoding="UTF-8"?>
<!-- Generated by org.testng.reporters.JUnitReportReporter -->
<testsuite hostname="LTIN699298" failures="0" tests="3" name="test.TC021_CarLoan_Validation" time="6.248" errors="0" timestamp="2026-07-11T22:23:28 IST" skipped="0">
  <testcase classname="test.TC021_CarLoan_Validation" name="CarLoan_Validation" time="2.378"/>
  <testcase classname="test.TC021_CarLoan_Validation" name="CarLoan_Validation" time="2.031"/>
  <testcase classname="test.TC021_CarLoan_Validation" name="CarLoan_Validation" time="1.839"/>
</testsuite> <!-- test.TC021_CarLoan_Validation -->
