<?xml version="1.0" encoding="UTF-8"?>
<!-- Generated by org.testng.reporters.JUnitReportReporter -->
<testsuite hostname="LTIN699298" failures="0" tests="2" name="test.TC019_HomeLoanValidation" time="40.328" errors="0" timestamp="2026-07-11T22:23:28 IST" skipped="0">
  <testcase classname="test.TC019_HomeLoanValidation" name="validate_HomeLoan" time="21.433"/>
  <testcase classname="test.TC019_HomeLoanValidation" name="validate_HomeLoan" time="18.895"/>
</testsuite> <!-- test.TC019_HomeLoanValidation -->
