<?xml version="1.0" encoding="UTF-8"?>
<!-- Generated by org.testng.reporters.JUnitReportReporter -->
<testsuite hostname="LTIN699298" failures="0" tests="2" name="test.TC003_TestCarLoanAmtTxtboxForStrInput" time="2.423" errors="0" timestamp="2026-07-11T22:23:28 IST" skipped="0">
  <testcase classname="test.TC003_TestCarLoanAmtTxtboxForStrInput" name="testCarLoanAmtText" time="1.595"/>
  <testcase classname="test.TC003_TestCarLoanAmtTxtboxForStrInput" name="testCarLoanAmtText" time="0.828"/>
</testsuite> <!-- test.TC003_TestCarLoanAmtTxtboxForStrInput -->
