<?xml version="1.0" encoding="UTF-8"?>
<!-- Generated by org.testng.reporters.JUnitReportReporter -->
<testsuite hostname="LTIN699235" failures="0" tests="2" name="test.TC016_TestCarLoanTenureTextboxToSlider" time="6.537" errors="0" timestamp="2026-07-10T20:46:35 IST" skipped="0">
  <testcase classname="test.TC016_TestCarLoanTenureTextboxToSlider" name="testCarLoanTenureTextboxToSlider" time="5.328"/>
  <testcase classname="test.TC016_TestCarLoanTenureTextboxToSlider" name="testCarLoanTenureTextboxToSlider" time="1.209"/>
</testsuite> <!-- test.TC016_TestCarLoanTenureTextboxToSlider -->
