<?xml version="1.0" encoding="UTF-8"?>
<!-- Generated by org.testng.reporters.JUnitReportReporter -->
<testsuite hostname="LTIN699235" failures="0" tests="2" name="test.TC015_TestCarLoanTenureSliderToTextbox" time="2.160" errors="0" timestamp="2026-07-10T20:46:35 IST" skipped="0">
  <testcase classname="test.TC015_TestCarLoanTenureSliderToTextbox" name="testCarLoanTenuretSliderToTextbox" time="0.789"/>
  <testcase classname="test.TC015_TestCarLoanTenureSliderToTextbox" name="testCarLoanTenuretSliderToTextbox" time="1.371"/>
</testsuite> <!-- test.TC015_TestCarLoanTenureSliderToTextbox -->
