<?xml version="1.0" encoding="UTF-8"?>
<!-- Generated by org.testng.reporters.JUnitReportReporter -->
<testsuite hostname="LTIN699235" failures="0" tests="2" name="test.TC008_TestCarLoanTenureTxtboxForNumInput" time="7.408" errors="0" timestamp="2026-07-10T20:46:35 IST" skipped="0">
  <testcase classname="test.TC008_TestCarLoanTenureTxtboxForNumInput" name="testCarLoanTenureTextbox" time="5.455"/>
  <testcase classname="test.TC008_TestCarLoanTenureTxtboxForNumInput" name="testCarLoanTenureTextbox" time="1.953"/>
</testsuite> <!-- test.TC008_TestCarLoanTenureTxtboxForNumInput -->
