<?xml version="1.0" encoding="UTF-8"?>
<!-- Generated by org.testng.reporters.JUnitReportReporter -->
<testsuite hostname="LTIN699235" failures="0" tests="2" name="test.TC004_TestCarLoanAmtTxtboxForNumInput" time="6.203" errors="0" timestamp="2026-07-10T20:46:35 IST" skipped="0">
  <testcase classname="test.TC004_TestCarLoanAmtTxtboxForNumInput" name="testCarLoanAmtText" time="4.772"/>
  <testcase classname="test.TC004_TestCarLoanAmtTxtboxForNumInput" name="testCarLoanAmtText" time="1.431"/>
</testsuite> <!-- test.TC004_TestCarLoanAmtTxtboxForNumInput -->
