<?xml version="1.0" encoding="UTF-8"?>
<!-- Generated by org.testng.reporters.JUnitReportReporter -->
<testsuite hostname="LTIN699235" failures="0" tests="2" name="test.TC014_TestCarLoanInterestTextboxToSlider" time="3.852" errors="0" timestamp="2026-07-10T20:46:35 IST" skipped="0">
  <testcase classname="test.TC014_TestCarLoanInterestTextboxToSlider" name="testCarLoanInterestTextboxToSlider" time="3.063"/>
  <testcase classname="test.TC014_TestCarLoanInterestTextboxToSlider" name="testCarLoanInterestTextboxToSlider" time="0.789"/>
</testsuite> <!-- test.TC014_TestCarLoanInterestTextboxToSlider -->
