<?xml version="1.0" encoding="UTF-8"?>
<!-- Generated by org.testng.reporters.JUnitReportReporter -->
<testsuite hostname="LTIN699235" failures="0" tests="2" name="test.TC013_TestCarLoanInterestSliderToTextbox" time="6.007" errors="0" timestamp="2026-07-10T20:46:35 IST" skipped="0">
  <testcase classname="test.TC013_TestCarLoanInterestSliderToTextbox" name="testCarLoanInterestSliderToTextbox" time="0.884"/>
  <testcase classname="test.TC013_TestCarLoanInterestSliderToTextbox" name="testCarLoanInterestSliderToTextbox" time="5.123"/>
</testsuite> <!-- test.TC013_TestCarLoanInterestSliderToTextbox -->
