<?xml version="1.0" encoding="UTF-8"?>
<!-- Generated by org.testng.reporters.JUnitReportReporter -->
<testsuite hostname="LTIN699235" failures="0" tests="3" name="test.TC011_TestCarLoanAmtSliderToTextbox" time="26.616" errors="0" timestamp="2026-07-10T20:46:35 IST" skipped="0">
  <testcase classname="test.TC011_TestCarLoanAmtSliderToTextbox" name="testCarLoanAmtSliderToTextbox" time="6.748"/>
  <testcase classname="test.TC011_TestCarLoanAmtSliderToTextbox" name="testCarLoanAmtSliderToTextbox" time="12.079"/>
  <testcase classname="test.TC011_TestCarLoanAmtSliderToTextbox" name="testCarLoanAmtSliderToTextbox" time="7.789"/>
</testsuite> <!-- test.TC011_TestCarLoanAmtSliderToTextbox -->
