<?xml version="1.0" encoding="UTF-8"?>
<!-- Generated by org.testng.reporters.JUnitReportReporter -->
<testsuite hostname="LTIN699235" failures="0" tests="1" name="test.TC018_Check_InputFieldsPresentedOrNot_For_HomeLoan" time="7.548" errors="0" timestamp="2026-07-10T20:46:35 IST" skipped="0">
  <testcase classname="test.TC018_Check_InputFieldsPresentedOrNot_For_HomeLoan" name="validate_HomeValue_InputFieldsPresentedOrNot_For_HomeLoan" time="7.548"/>
</testsuite> <!-- test.TC018_Check_InputFieldsPresentedOrNot_For_HomeLoan -->
