<?xml version="1.0" encoding="UTF-8"?>
<!-- Generated by org.testng.reporters.JUnitReportReporter -->
<testsuite hostname="LTIN699235" failures="0" tests="3" name="test.TC012_TestCarLoanAmtTextboxToSlider" time="7.388" errors="0" timestamp="2026-07-10T20:46:35 IST" skipped="0">
  <testcase classname="test.TC012_TestCarLoanAmtTextboxToSlider" name="testCarLoanAmtTextboxToSlider" time="0.840"/>
  <testcase classname="test.TC012_TestCarLoanAmtTextboxToSlider" name="testCarLoanAmtTextboxToSlider" time="0.889"/>
  <testcase classname="test.TC012_TestCarLoanAmtTextboxToSlider" name="testCarLoanAmtTextboxToSlider" time="5.659"/>
</testsuite> <!-- test.TC012_TestCarLoanAmtTextboxToSlider -->
