<?xml version="1.0" encoding="UTF-8"?>
<!-- Generated by org.testng.reporters.JUnitReportReporter -->
<testsuite hostname="LTIN699235" failures="0" tests="3" name="test.TC021_CarLoan_Validation" time="5.187" errors="0" timestamp="2026-07-10T20:46:35 IST" skipped="0">
  <testcase classname="test.TC021_CarLoan_Validation" name="CarLoan_Validation" time="2.780"/>
  <testcase classname="test.TC021_CarLoan_Validation" name="CarLoan_Validation" time="1.168"/>
  <testcase classname="test.TC021_CarLoan_Validation" name="CarLoan_Validation" time="1.239"/>
</testsuite> <!-- test.TC021_CarLoan_Validation -->
