<?xml version="1.0" encoding="UTF-8"?>
<!-- Generated by org.testng.reporters.JUnitReportReporter -->
<testsuite hostname="LTIN699235" failures="0" tests="2" name="test.TC007_TestCarLoanTenureTxtboxForStrInput" time="7.617" errors="0" timestamp="2026-07-10T20:46:35 IST" skipped="0">
  <testcase classname="test.TC007_TestCarLoanTenureTxtboxForStrInput" name="testCarLoanTenureTextbox" time="2.410"/>
  <testcase classname="test.TC007_TestCarLoanTenureTxtboxForStrInput" name="testCarLoanTenureTextbox" time="5.207"/>
</testsuite> <!-- test.TC007_TestCarLoanTenureTxtboxForStrInput -->
